Using pre-set license
Built from '2020.2/staging' branch; Version is '2020.2.5f1 (e2c53f129de5) revision 14861631'; Using compiler version '192528614'; Build Type 'Release'
OS: 'Windows 10 Pro; OS build 19043.1165; Version 2009; 64bit' Language: 'en' Physical Memory: 3954 MB
BatchMode: 1, IsHumanControllingUs: 0, StartBugReporterOnCrash: 0, Is64bit: 1, IsPro: 0

 COMMAND LINE ARGUMENTS:
D:\Unity\2020.2.5f1\Editor\Unity.exe
-adb2
-batchMode
-noUpm
-name
AssetImportWorker4
-projectPath
C:/Users/user/Documents/GitHub/finalGame/shootingGame
-logFile
Logs/AssetImportWorker4.log
-srvPort
49729
Successfully changed project path to: C:/Users/user/Documents/GitHub/finalGame/shootingGame
C:/Users/user/Documents/GitHub/finalGame/shootingGame
Using Asset Import Pipeline V2.
Refreshing native plugins compatible for Editor in 143.93 ms, found 0 plugins.
Preloading 0 native plugins for Editor in 0.00 ms.
Initialize engine version: 2020.2.5f1 (e2c53f129de5)
[Subsystems] Discovering subsystems at path D:/Unity/2020.2.5f1/Editor/Data/Resources/UnitySubsystems
[Subsystems] Discovering subsystems at path C:/Users/user/Documents/GitHub/finalGame/shootingGame/Assets
GfxDevice: creating device client; threaded=0
Direct3D:
    Version:  Direct3D 11.0 [level 11.1]
    Renderer: Intel(R) HD Graphics 620 (ID=0x5916)
    Vendor:   
    VRAM:     1977 MB
    Driver:   23.20.16.4973
Initialize mono
Mono path[0] = 'D:/Unity/2020.2.5f1/Editor/Data/Managed'
Mono path[1] = 'D:/Unity/2020.2.5f1/Editor/Data/MonoBleedingEdge/lib/mono/unityjit'
Mono config path = 'D:/Unity/2020.2.5f1/Editor/Data/MonoBleedingEdge/etc'
Using monoOptions --debugger-agent=transport=dt_socket,embedding=1,server=y,suspend=n,address=127.0.0.1:56372
Begin MonoManager ReloadAssembly
Registering precompiled unity dll's ...
Register platform support module: D:/Unity/2020.2.5f1/Editor/Data/PlaybackEngines/WindowsStandaloneSupport/UnityEditor.WindowsStandalone.Extensions.dll
Registered in 0.009035 seconds.
Native extension for WindowsStandalone target not found
Refreshing native plugins compatible for Editor in 149.90 ms, found 0 plugins.
Preloading 0 native plugins for Editor in 0.00 ms.
Invoked RoslynAnalysisRunner static constructor.
RoslynAnalysisRunner will not be running.
RoslynAnalysisRunner has terminated.
Mono: successfully reloaded assembly
- Completed reload, in  6.870 seconds
Platform modules already initialized, skipping
Registering precompiled user dll's ...
Registered in 0.005827 seconds.
Begin MonoManager ReloadAssembly
Native extension for WindowsStandalone target not found
Refreshing native plugins compatible for Editor in 1.14 ms, found 0 plugins.
Preloading 0 native plugins for Editor in 0.00 ms.
Invoked RoslynAnalysisRunner static constructor.
RoslynAnalysisRunner will not be running.
RoslynAnalysisRunner has terminated.
Mono: successfully reloaded assembly
- Completed reload, in  5.126 seconds
Platform modules already initialized, skipping
========================================================================
Worker process is ready to serve import requests
Launched and connected shader compiler UnityShaderCompiler.exe after 0.32 seconds
Refreshing native plugins compatible for Editor in 0.58 ms, found 0 plugins.
Preloading 0 native plugins for Editor in 0.00 ms.
Unloading 1144 Unused Serialized files (Serialized files now loaded: 0)
System memory in use before: 159.8 MB.
System memory in use after: 159.9 MB.

Unloading 9 unused Assets to reduce memory usage. Loaded Objects now: 1608.
Total: 22.269100 ms (FindLiveObjects: 2.214400 ms CreateObjectMapping: 0.200200 ms MarkObjects: 15.812700 ms  DeleteObjects: 4.029800 ms)

========================================================================
Received Import Request.
  path: Assets/Scripts/EndGame.cs
  artifactKey: Guid(a093219220e477a4e8148252e215173c) Importer(815301076,1909f56bfc062723c751e8b465ee728b)
Start importing Assets/Scripts/EndGame.cs using Guid(a093219220e477a4e8148252e215173c) Importer(815301076,1909f56bfc062723c751e8b465ee728b)  -> (artifact id: '02d08d661654d3c9564ff9e7b56d491d') in 0.205354 seconds
  Import took 0.216443 seconds .

========================================================================
Received Import Request.
  Time since last request: 21.863967 seconds.
  path: Assets/Scripts/EndGame.cs
  artifactKey: Guid(a093219220e477a4e8148252e215173c) Importer(815301076,1909f56bfc062723c751e8b465ee728b)
Start importing Assets/Scripts/EndGame.cs using Guid(a093219220e477a4e8148252e215173c) Importer(815301076,1909f56bfc062723c751e8b465ee728b)  -> (artifact id: '80bd6deda50c372880a39e2d76e05da4') in 0.024217 seconds
  Import took 0.075755 seconds .

========================================================================
Received Prepare
Registering precompiled user dll's ...
Registered in 0.006310 seconds.
Begin MonoManager ReloadAssembly
Native extension for WindowsStandalone target not found
Refreshing native plugins compatible for Editor in 1.71 ms, found 0 plugins.
Preloading 0 native plugins for Editor in 0.00 ms.
Invoked RoslynAnalysisRunner static constructor.
RoslynAnalysisRunner will not be running.
RoslynAnalysisRunner has terminated.
Mono: successfully reloaded assembly
- Completed reload, in  9.242 seconds
Platform modules already initialized, skipping
Refreshing native plugins compatible for Editor in 1.36 ms, found 0 plugins.
Preloading 0 native plugins for Editor in 0.00 ms.
Unloading 1118 Unused Serialized files (Serialized files now loaded: 0)
System memory in use before: 158.1 MB.
System memory in use after: 158.2 MB.

Unloading 4 unused Assets to reduce memory usage. Loaded Objects now: 1610.
Total: 20.599600 ms (FindLiveObjects: 1.951200 ms CreateObjectMapping: 0.718400 ms MarkObjects: 17.871600 ms  DeleteObjects: 0.050700 ms)

========================================================================
Received Import Request.
  Time since last request: 33.880065 seconds.
  path: Assets/New Terrain.asset
  artifactKey: Guid(557cd140f87d4574b8ba0da7085b613d) Importer(815301076,1909f56bfc062723c751e8b465ee728b)
Start importing Assets/New Terrain.asset using Guid(557cd140f87d4574b8ba0da7085b613d) Importer(815301076,1909f56bfc062723c751e8b465ee728b)  -> (artifact id: '4e955bf3e62584b599434a0663d75a57') in 0.354095 seconds
  Import took 0.369917 seconds .

========================================================================
Received Import Request.
  Time since last request: 299.471406 seconds.
  path: ProjectSettings/TagManager.asset
  artifactKey: Guid(00000000000000003000000000000000) Importer(815301076,1909f56bfc062723c751e8b465ee728b)
Start importing ProjectSettings/TagManager.asset using Guid(00000000000000003000000000000000) Importer(815301076,1909f56bfc062723c751e8b465ee728b)  -> (artifact id: 'ad25f32a57994a6f6c8c446e22ba6ece') in 0.250505 seconds
  Import took 0.708830 seconds .

========================================================================
Received Prepare
Registering precompiled user dll's ...
Registered in 0.004327 seconds.
Begin MonoManager ReloadAssembly
Native extension for WindowsStandalone target not found
Refreshing native plugins compatible for Editor in 0.93 ms, found 0 plugins.
Preloading 0 native plugins for Editor in 0.00 ms.
Invoked RoslynAnalysisRunner static constructor.
RoslynAnalysisRunner will not be running.
RoslynAnalysisRunner has terminated.
Mono: successfully reloaded assembly
- Completed reload, in  2.637 seconds
Platform modules already initialized, skipping
Refreshing native plugins compatible for Editor in 0.85 ms, found 0 plugins.
Preloading 0 native plugins for Editor in 0.00 ms.
Unloading 1118 Unused Serialized files (Serialized files now loaded: 0)
System memory in use before: 158.2 MB.
System memory in use after: 158.3 MB.

Unloading 5 unused Assets to reduce memory usage. Loaded Objects now: 1614.
Total: 39.070800 ms (FindLiveObjects: 1.366800 ms CreateObjectMapping: 0.122400 ms MarkObjects: 37.497800 ms  DeleteObjects: 0.075600 ms)

========================================================================
Received Import Request.
  Time since last request: 317.315581 seconds.
  path: Assets/Scenes/SampleScene.unity
  artifactKey: Guid(9fc0d4010bbf28b4594072e72b8655ab) Importer(815301076,1909f56bfc062723c751e8b465ee728b)
Start importing Assets/Scenes/SampleScene.unity using Guid(9fc0d4010bbf28b4594072e72b8655ab) Importer(815301076,1909f56bfc062723c751e8b465ee728b)  -> (artifact id: 'a842361c576b1c6a5544cc88d71fb51b') in 0.063689 seconds
  Import took 0.133974 seconds .

========================================================================
Received Prepare
Registering precompiled user dll's ...
Registered in 0.002896 seconds.
Begin MonoManager ReloadAssembly
Native extension for WindowsStandalone target not found
Refreshing native plugins compatible for Editor in 0.98 ms, found 0 plugins.
Preloading 0 native plugins for Editor in 0.00 ms.
Invoked RoslynAnalysisRunner static constructor.
RoslynAnalysisRunner will not be running.
RoslynAnalysisRunner has terminated.
Mono: successfully reloaded assembly
- Completed reload, in 11.092 seconds
Platform modules already initialized, skipping
Refreshing native plugins compatible for Editor in 0.64 ms, found 0 plugins.
Preloading 0 native plugins for Editor in 0.00 ms.
Unloading 1118 Unused Serialized files (Serialized files now loaded: 0)
System memory in use before: 158.2 MB.
System memory in use after: 158.3 MB.

Unloading 4 unused Assets to reduce memory usage. Loaded Objects now: 1616.
Total: 9.189500 ms (FindLiveObjects: 0.364900 ms CreateObjectMapping: 0.106100 ms MarkObjects: 8.658900 ms  DeleteObjects: 0.048200 ms)

========================================================================
Received Import Request.
  Time since last request: 96.905457 seconds.
  path: Assets/Scripts/GunShoot.cs
  artifactKey: Guid(b62e920bb0532cb4e8e04866aee783b9) Importer(815301076,1909f56bfc062723c751e8b465ee728b)
Start importing Assets/Scripts/GunShoot.cs using Guid(b62e920bb0532cb4e8e04866aee783b9) Importer(815301076,1909f56bfc062723c751e8b465ee728b)  -> (artifact id: '705ade0aae6d99816417debf827dd35e') in 0.033979 seconds
  Import took 0.059053 seconds .

========================================================================
Received Prepare
Registering precompiled user dll's ...
Registered in 0.029139 seconds.
Begin MonoManager ReloadAssembly
Native extension for WindowsStandalone target not found
Refreshing native plugins compatible for Editor in 0.46 ms, found 0 plugins.
Preloading 0 native plugins for Editor in 0.00 ms.
Invoked RoslynAnalysisRunner static constructor.
RoslynAnalysisRunner will not be running.
RoslynAnalysisRunner has terminated.
Mono: successfully reloaded assembly
- Completed reload, in  5.004 seconds
Platform modules already initialized, skipping
Refreshing native plugins compatible for Editor in 0.35 ms, found 0 plugins.
Preloading 0 native plugins for Editor in 0.00 ms.
Unloading 1118 Unused Serialized files (Serialized files now loaded: 0)
System memory in use before: 158.2 MB.
System memory in use after: 158.3 MB.

Unloading 4 unused Assets to reduce memory usage. Loaded Objects now: 1618.
Total: 31.353900 ms (FindLiveObjects: 0.332700 ms CreateObjectMapping: 0.127900 ms MarkObjects: 30.849700 ms  DeleteObjects: 0.033700 ms)

========================================================================
Received Import Request.
  Time since last request: 43.157057 seconds.
  path: Assets/Scenes/opnePage.unity
  artifactKey: Guid(61ae1d84f7b876f4ab8ae04635d8c15f) Importer(815301076,1909f56bfc062723c751e8b465ee728b)
Start importing Assets/Scenes/opnePage.unity using Guid(61ae1d84f7b876f4ab8ae04635d8c15f) Importer(815301076,1909f56bfc062723c751e8b465ee728b)  -> (artifact id: '41e1786d1bd3aa559a60765a293e98bc') in 0.053362 seconds
  Import took 0.058983 seconds .

========================================================================
Received Prepare
Registering precompiled user dll's ...
Registered in 0.008456 seconds.
Begin MonoManager ReloadAssembly
Native extension for WindowsStandalone target not found
Refreshing native plugins compatible for Editor in 0.64 ms, found 0 plugins.
Preloading 0 native plugins for Editor in 0.00 ms.
Invoked RoslynAnalysisRunner static constructor.
RoslynAnalysisRunner will not be running.
RoslynAnalysisRunner has terminated.
Mono: successfully reloaded assembly
- Completed reload, in  5.436 seconds
Platform modules already initialized, skipping
Refreshing native plugins compatible for Editor in 26.45 ms, found 0 plugins.
Preloading 0 native plugins for Editor in 0.00 ms.
Unloading 1118 Unused Serialized files (Serialized files now loaded: 0)
System memory in use before: 158.3 MB.
System memory in use after: 158.4 MB.

Unloading 4 unused Assets to reduce memory usage. Loaded Objects now: 1620.
Total: 63.473900 ms (FindLiveObjects: 7.980100 ms CreateObjectMapping: 0.675300 ms MarkObjects: 54.244600 ms  DeleteObjects: 0.546800 ms)

========================================================================
Received Prepare
Registering precompiled user dll's ...
Registered in 0.003416 seconds.
Begin MonoManager ReloadAssembly
Native extension for WindowsStandalone target not found
Refreshing native plugins compatible for Editor in 0.85 ms, found 0 plugins.
Preloading 0 native plugins for Editor in 0.00 ms.
Invoked RoslynAnalysisRunner static constructor.
RoslynAnalysisRunner will not be running.
RoslynAnalysisRunner has terminated.
Mono: successfully reloaded assembly
- Completed reload, in  7.259 seconds
Platform modules already initialized, skipping
Refreshing native plugins compatible for Editor in 1.92 ms, found 0 plugins.
Preloading 0 native plugins for Editor in 0.00 ms.
Unloading 1118 Unused Serialized files (Serialized files now loaded: 0)
System memory in use before: 158.3 MB.
System memory in use after: 158.4 MB.

Unloading 4 unused Assets to reduce memory usage. Loaded Objects now: 1622.
Total: 14.003000 ms (FindLiveObjects: 5.049700 ms CreateObjectMapping: 0.335000 ms MarkObjects: 7.747100 ms  DeleteObjects: 0.841700 ms)

========================================================================
Received Import Request.
  Time since last request: 211.381253 seconds.
  path: Assets/Scenes/SampleScene
  artifactKey: Guid(283e95f057518474aa925945414ae51e) Importer(815301076,1909f56bfc062723c751e8b465ee728b)
Start importing Assets/Scenes/SampleScene using Guid(283e95f057518474aa925945414ae51e) Importer(815301076,1909f56bfc062723c751e8b465ee728b)  -> (artifact id: 'e735b915ed6a5bb11f5dbe5e60991d09') in 0.105281 seconds
  Import took 0.169969 seconds .

========================================================================
Received Import Request.
  Time since last request: 0.000570 seconds.
  path: Assets/Scenes/SampleScene/NavMesh.asset
  artifactKey: Guid(7bdf17c7bf3608a438c2f8817ff2423d) Importer(815301076,1909f56bfc062723c751e8b465ee728b)
Start importing Assets/Scenes/SampleScene/NavMesh.asset using Guid(7bdf17c7bf3608a438c2f8817ff2423d) Importer(815301076,1909f56bfc062723c751e8b465ee728b)  -> (artifact id: 'a33b746ee2a85e1e13e3a7650cfd9196') in 0.161602 seconds
  Import took 0.166604 seconds .

========================================================================
Received Import Request.
  Time since last request: 2.555621 seconds.
  path: Assets/Scenes/SampleScene.unity
  artifactKey: Guid(9fc0d4010bbf28b4594072e72b8655ab) Importer(815301076,1909f56bfc062723c751e8b465ee728b)
Start importing Assets/Scenes/SampleScene.unity using Guid(9fc0d4010bbf28b4594072e72b8655ab) Importer(815301076,1909f56bfc062723c751e8b465ee728b)  -> (artifact id: '34f32ff805a8dc4342f92cd0deafd1d0') in 0.012963 seconds
  Import took 0.026018 seconds .

========================================================================
Received Import Request.
  Time since last request: 58.927289 seconds.
  path: Assets/Scripts/NPCGunShoot.cs
  artifactKey: Guid(9bdb472afc2ce9b45896d3ddcfd897d7) Importer(815301076,1909f56bfc062723c751e8b465ee728b)
Start importing Assets/Scripts/NPCGunShoot.cs using Guid(9bdb472afc2ce9b45896d3ddcfd897d7) Importer(815301076,1909f56bfc062723c751e8b465ee728b)  -> (artifact id: 'f9db163d80c7607b7f375d3d61095440') in 0.020495 seconds
  Import took 0.035048 seconds .

========================================================================
Received Import Request.
  Time since last request: 0.008853 seconds.
  path: Assets/Scripts/NPCGunShoot.cs
  artifactKey: Guid(9bdb472afc2ce9b45896d3ddcfd897d7) Importer(815301076,1909f56bfc062723c751e8b465ee728b)
Start importing Assets/Scripts/NPCGunShoot.cs using Guid(9bdb472afc2ce9b45896d3ddcfd897d7) Importer(815301076,1909f56bfc062723c751e8b465ee728b)  -> (artifact id: 'f9db163d80c7607b7f375d3d61095440') in 0.015518 seconds
  Import took 0.023123 seconds .

========================================================================
Received Prepare
Registering precompiled user dll's ...
Registered in 0.002960 seconds.
Begin MonoManager ReloadAssembly
Native extension for WindowsStandalone target not found
Refreshing native plugins compatible for Editor in 1.39 ms, found 0 plugins.
Preloading 0 native plugins for Editor in 0.00 ms.
Invoked RoslynAnalysisRunner static constructor.
RoslynAnalysisRunner will not be running.
RoslynAnalysisRunner has terminated.
Mono: successfully reloaded assembly
- Completed reload, in  7.882 seconds
Platform modules already initialized, skipping
Refreshing native plugins compatible for Editor in 2.10 ms, found 0 plugins.
Preloading 0 native plugins for Editor in 0.00 ms.
Unloading 1118 Unused Serialized files (Serialized files now loaded: 0)
System memory in use before: 158.3 MB.
System memory in use after: 158.4 MB.

Unloading 4 unused Assets to reduce memory usage. Loaded Objects now: 1624.
Total: 12.658800 ms (FindLiveObjects: 4.778500 ms CreateObjectMapping: 0.322100 ms MarkObjects: 7.017800 ms  DeleteObjects: 0.501800 ms)

========================================================================
Received Import Request.
  Time since last request: 37.651688 seconds.
  path: Assets/Scripts/NPCGunShoot.cs
  artifactKey: Guid(9bdb472afc2ce9b45896d3ddcfd897d7) Importer(815301076,1909f56bfc062723c751e8b465ee728b)
Start importing Assets/Scripts/NPCGunShoot.cs using Guid(9bdb472afc2ce9b45896d3ddcfd897d7) Importer(815301076,1909f56bfc062723c751e8b465ee728b)  -> (artifact id: 'da2d9b4c83bb0f012c5f1cfa28c6dd79') in 0.023045 seconds
  Import took 0.038016 seconds .

========================================================================
Received Prepare
Registering precompiled user dll's ...
Registered in 0.004590 seconds.
Begin MonoManager ReloadAssembly
Native extension for WindowsStandalone target not found
Refreshing native plugins compatible for Editor in 0.37 ms, found 0 plugins.
Preloading 0 native plugins for Editor in 0.00 ms.
Invoked RoslynAnalysisRunner static constructor.
RoslynAnalysisRunner will not be running.
RoslynAnalysisRunner has terminated.
Mono: successfully reloaded assembly
- Completed reload, in  4.570 seconds
Platform modules already initialized, skipping
Refreshing native plugins compatible for Editor in 1.29 ms, found 0 plugins.
Preloading 0 native plugins for Editor in 0.00 ms.
Unloading 1118 Unused Serialized files (Serialized files now loaded: 0)
System memory in use before: 158.3 MB.
System memory in use after: 158.4 MB.

Unloading 4 unused Assets to reduce memory usage. Loaded Objects now: 1626.
Total: 6.077500 ms (FindLiveObjects: 0.872500 ms CreateObjectMapping: 0.093300 ms MarkObjects: 4.908800 ms  DeleteObjects: 0.193200 ms)

========================================================================
Received Prepare
Registering precompiled user dll's ...
Registered in 0.005084 seconds.
Begin MonoManager ReloadAssembly
Native extension for WindowsStandalone target not found
Refreshing native plugins compatible for Editor in 0.66 ms, found 0 plugins.
Preloading 0 native plugins for Editor in 0.00 ms.
Invoked RoslynAnalysisRunner static constructor.
RoslynAnalysisRunner will not be running.
RoslynAnalysisRunner has terminated.
Mono: successfully reloaded assembly
- Completed reload, in  4.891 seconds
Platform modules already initialized, skipping
Refreshing native plugins compatible for Editor in 0.54 ms, found 0 plugins.
Preloading 0 native plugins for Editor in 0.00 ms.
Unloading 1118 Unused Serialized files (Serialized files now loaded: 0)
System memory in use before: 158.3 MB.
System memory in use after: 158.4 MB.

Unloading 4 unused Assets to reduce memory usage. Loaded Objects now: 1628.
Total: 6.455500 ms (FindLiveObjects: 1.145300 ms CreateObjectMapping: 0.481200 ms MarkObjects: 4.790300 ms  DeleteObjects: 0.033700 ms)

========================================================================
Received Prepare
Registering precompiled user dll's ...
Registered in 0.006225 seconds.
Begin MonoManager ReloadAssembly
Native extension for WindowsStandalone target not found
Refreshing native plugins compatible for Editor in 1.80 ms, found 0 plugins.
Preloading 0 native plugins for Editor in 0.00 ms.
Invoked RoslynAnalysisRunner static constructor.
RoslynAnalysisRunner will not be running.
RoslynAnalysisRunner has terminated.
Mono: successfully reloaded assembly
- Completed reload, in  6.354 seconds
Platform modules already initialized, skipping
Refreshing native plugins compatible for Editor in 4.46 ms, found 0 plugins.
Preloading 0 native plugins for Editor in 0.00 ms.
Unloading 1118 Unused Serialized files (Serialized files now loaded: 0)
System memory in use before: 158.3 MB.
System memory in use after: 158.4 MB.

Unloading 4 unused Assets to reduce memory usage. Loaded Objects now: 1630.
Total: 112.729000 ms (FindLiveObjects: 46.895400 ms CreateObjectMapping: 2.930200 ms MarkObjects: 57.890500 ms  DeleteObjects: 1.675700 ms)

========================================================================
Received Prepare
Registering precompiled user dll's ...
Registered in 0.044688 seconds.
Begin MonoManager ReloadAssembly
Native extension for WindowsStandalone target not found
Refreshing native plugins compatible for Editor in 0.45 ms, found 0 plugins.
Preloading 0 native plugins for Editor in 0.00 ms.
Invoked RoslynAnalysisRunner static constructor.
RoslynAnalysisRunner will not be running.
RoslynAnalysisRunner has terminated.
Mono: successfully reloaded assembly
- Completed reload, in  2.838 seconds
Platform modules already initialized, skipping
Refreshing native plugins compatible for Editor in 0.49 ms, found 0 plugins.
Preloading 0 native plugins for Editor in 0.00 ms.
Unloading 1118 Unused Serialized files (Serialized files now loaded: 0)
System memory in use before: 158.3 MB.
System memory in use after: 158.4 MB.

Unloading 4 unused Assets to reduce memory usage. Loaded Objects now: 1632.
Total: 55.785300 ms (FindLiveObjects: 0.400900 ms CreateObjectMapping: 0.151000 ms MarkObjects: 55.172300 ms  DeleteObjects: 0.051400 ms)

========================================================================
Received Import Request.
  Time since last request: 825.716429 seconds.
  path: Assets/Scripts/GunShoot.cs
  artifactKey: Guid(b62e920bb0532cb4e8e04866aee783b9) Importer(815301076,1909f56bfc062723c751e8b465ee728b)
Start importing Assets/Scripts/GunShoot.cs using Guid(b62e920bb0532cb4e8e04866aee783b9) Importer(815301076,1909f56bfc062723c751e8b465ee728b)  -> (artifact id: '5a5f7019683ece4d2f59aaeddf1a0939') in 0.187111 seconds
  Import took 0.272209 seconds .

========================================================================
Received Prepare
Registering precompiled user dll's ...
Registered in 0.001945 seconds.
Begin MonoManager ReloadAssembly
Native extension for WindowsStandalone target not found
Refreshing native plugins compatible for Editor in 0.67 ms, found 0 plugins.
Preloading 0 native plugins for Editor in 0.00 ms.
Invoked RoslynAnalysisRunner static constructor.
RoslynAnalysisRunner will not be running.
RoslynAnalysisRunner has terminated.
Mono: successfully reloaded assembly
- Completed reload, in  4.383 seconds
Platform modules already initialized, skipping
Refreshing native plugins compatible for Editor in 0.57 ms, found 0 plugins.
Preloading 0 native plugins for Editor in 0.00 ms.
Unloading 1118 Unused Serialized files (Serialized files now loaded: 0)
System memory in use before: 158.3 MB.
System memory in use after: 158.4 MB.

Unloading 4 unused Assets to reduce memory usage. Loaded Objects now: 1634.
Total: 24.097000 ms (FindLiveObjects: 4.903400 ms CreateObjectMapping: 0.161000 ms MarkObjects: 18.880500 ms  DeleteObjects: 0.142300 ms)

========================================================================
Received Prepare
Registering precompiled user dll's ...
Registered in 0.019766 seconds.
Begin MonoManager ReloadAssembly
Native extension for WindowsStandalone target not found
Refreshing native plugins compatible for Editor in 9.67 ms, found 0 plugins.
Preloading 0 native plugins for Editor in 0.00 ms.
Invoked RoslynAnalysisRunner static constructor.
RoslynAnalysisRunner will not be running.
RoslynAnalysisRunner has terminated.
Mono: successfully reloaded assembly
- Completed reload, in 11.772 seconds
Platform modules already initialized, skipping
Refreshing native plugins compatible for Editor in 0.83 ms, found 0 plugins.
Preloading 0 native plugins for Editor in 0.00 ms.
Unloading 1118 Unused Serialized files (Serialized files now loaded: 0)
System memory in use before: 158.3 MB.
System memory in use after: 158.4 MB.

Unloading 4 unused Assets to reduce memory usage. Loaded Objects now: 1636.
Total: 76.297300 ms (FindLiveObjects: 0.654100 ms CreateObjectMapping: 0.335400 ms MarkObjects: 75.247200 ms  DeleteObjects: 0.051300 ms)

========================================================================
Received Import Request.
  Time since last request: 518.028307 seconds.
  path: Assets/Scripts/ThrowingGgenade.cs
  artifactKey: Guid(f0f6a38bebfa45f49be33278c54cb109) Importer(815301076,1909f56bfc062723c751e8b465ee728b)
Start importing Assets/Scripts/ThrowingGgenade.cs using Guid(f0f6a38bebfa45f49be33278c54cb109) Importer(815301076,1909f56bfc062723c751e8b465ee728b)  -> (artifact id: 'a7a5525fe3da917078403cd01d10a739') in 0.148558 seconds
  Import took 0.210999 seconds .

========================================================================
Received Import Request.
  Time since last request: 0.001228 seconds.
  path: Assets/Scripts/ThrowingGrenadeNPC.cs
  artifactKey: Guid(812b24cc1a3c3d347a326257a7071e2b) Importer(815301076,1909f56bfc062723c751e8b465ee728b)
Start importing Assets/Scripts/ThrowingGrenadeNPC.cs using Guid(812b24cc1a3c3d347a326257a7071e2b) Importer(815301076,1909f56bfc062723c751e8b465ee728b)  -> (artifact id: 'f49f86757ad8e6098b04c7d4bbb3f61f') in 0.017704 seconds
  Import took 0.022235 seconds .

========================================================================
Received Prepare
Registering precompiled user dll's ...
Registered in 0.005337 seconds.
Begin MonoManager ReloadAssembly
Native extension for WindowsStandalone target not found
Refreshing native plugins compatible for Editor in 1.27 ms, found 0 plugins.
Preloading 0 native plugins for Editor in 0.00 ms.
Invoked RoslynAnalysisRunner static constructor.
RoslynAnalysisRunner will not be running.
RoslynAnalysisRunner has terminated.
Mono: successfully reloaded assembly
- Completed reload, in  9.370 seconds
Platform modules already initialized, skipping
Refreshing native plugins compatible for Editor in 0.69 ms, found 0 plugins.
Preloading 0 native plugins for Editor in 0.00 ms.
Unloading 1118 Unused Serialized files (Serialized files now loaded: 0)
System memory in use before: 158.3 MB.
System memory in use after: 158.4 MB.

Unloading 4 unused Assets to reduce memory usage. Loaded Objects now: 1638.
Total: 18.352700 ms (FindLiveObjects: 7.779400 ms CreateObjectMapping: 0.413800 ms MarkObjects: 6.487200 ms  DeleteObjects: 3.650800 ms)

========================================================================
Received Prepare
Registering precompiled user dll's ...
Registered in 0.001373 seconds.
Begin MonoManager ReloadAssembly
Native extension for WindowsStandalone target not found
Refreshing native plugins compatible for Editor in 0.82 ms, found 0 plugins.
Preloading 0 native plugins for Editor in 0.00 ms.
Invoked RoslynAnalysisRunner static constructor.
RoslynAnalysisRunner will not be running.
RoslynAnalysisRunner has terminated.
Mono: successfully reloaded assembly
- Completed reload, in  2.285 seconds
Platform modules already initialized, skipping
Refreshing native plugins compatible for Editor in 0.69 ms, found 0 plugins.
Preloading 0 native plugins for Editor in 0.00 ms.
Unloading 1118 Unused Serialized files (Serialized files now loaded: 0)
System memory in use before: 158.3 MB.
System memory in use after: 158.4 MB.

Unloading 4 unused Assets to reduce memory usage. Loaded Objects now: 1640.
Total: 16.361600 ms (FindLiveObjects: 0.386200 ms CreateObjectMapping: 0.320800 ms MarkObjects: 15.582100 ms  DeleteObjects: 0.061400 ms)

========================================================================
Received Prepare
Registering precompiled user dll's ...
Registered in 0.017204 seconds.
Begin MonoManager ReloadAssembly
Native extension for WindowsStandalone target not found
Refreshing native plugins compatible for Editor in 0.47 ms, found 0 plugins.
Preloading 0 native plugins for Editor in 0.00 ms.
Invoked RoslynAnalysisRunner static constructor.
RoslynAnalysisRunner will not be running.
RoslynAnalysisRunner has terminated.
Mono: successfully reloaded assembly
- Completed reload, in  4.971 seconds
Platform modules already initialized, skipping
Refreshing native plugins compatible for Editor in 0.61 ms, found 0 plugins.
Preloading 0 native plugins for Editor in 0.00 ms.
Unloading 1118 Unused Serialized files (Serialized files now loaded: 0)
System memory in use before: 158.3 MB.
System memory in use after: 158.4 MB.

Unloading 4 unused Assets to reduce memory usage. Loaded Objects now: 1642.
Total: 30.196800 ms (FindLiveObjects: 10.702500 ms CreateObjectMapping: 0.365800 ms MarkObjects: 18.076600 ms  DeleteObjects: 0.038100 ms)

========================================================================
Received Prepare
Registering precompiled user dll's ...
Registered in 0.003891 seconds.
Begin MonoManager ReloadAssembly
Native extension for WindowsStandalone target not found
Refreshing native plugins compatible for Editor in 0.58 ms, found 0 plugins.
Preloading 0 native plugins for Editor in 0.00 ms.
Invoked RoslynAnalysisRunner static constructor.
RoslynAnalysisRunner will not be running.
RoslynAnalysisRunner has terminated.
Mono: successfully reloaded assembly
- Completed reload, in  4.920 seconds
Platform modules already initialized, skipping
Refreshing native plugins compatible for Editor in 0.49 ms, found 0 plugins.
Preloading 0 native plugins for Editor in 0.00 ms.
Unloading 1118 Unused Serialized files (Serialized files now loaded: 0)
System memory in use before: 158.3 MB.
System memory in use after: 158.4 MB.

Unloading 4 unused Assets to reduce memory usage. Loaded Objects now: 1644.
Total: 11.201700 ms (FindLiveObjects: 0.536000 ms CreateObjectMapping: 0.133000 ms MarkObjects: 10.475600 ms  DeleteObjects: 0.046800 ms)

========================================================================
Received Prepare
Registering precompiled user dll's ...
Registered in 0.004954 seconds.
Begin MonoManager ReloadAssembly
Native extension for WindowsStandalone target not found
Refreshing native plugins compatible for Editor in 1.16 ms, found 0 plugins.
Preloading 0 native plugins for Editor in 0.00 ms.
Invoked RoslynAnalysisRunner static constructor.
RoslynAnalysisRunner will not be running.
RoslynAnalysisRunner has terminated.
Mono: successfully reloaded assembly
- Completed reload, in 16.181 seconds
Platform modules already initialized, skipping
Refreshing native plugins compatible for Editor in 0.46 ms, found 0 plugins.
Preloading 0 native plugins for Editor in 0.00 ms.
Unloading 1118 Unused Serialized files (Serialized files now loaded: 0)
System memory in use before: 158.3 MB.
System memory in use after: 158.4 MB.

Unloading 4 unused Assets to reduce memory usage. Loaded Objects now: 1646.
Total: 4.592500 ms (FindLiveObjects: 0.278600 ms CreateObjectMapping: 0.086000 ms MarkObjects: 4.187200 ms  DeleteObjects: 0.031800 ms)

========================================================================
Received Prepare
Registering precompiled user dll's ...
Registered in 0.001788 seconds.
Begin MonoManager ReloadAssembly
Native extension for WindowsStandalone target not found
Refreshing native plugins compatible for Editor in 0.51 ms, found 0 plugins.
Preloading 0 native plugins for Editor in 0.00 ms.
Invoked RoslynAnalysisRunner static constructor.
RoslynAnalysisRunner will not be running.
RoslynAnalysisRunner has terminated.
Mono: successfully reloaded assembly
- Completed reload, in  2.955 seconds
Platform modules already initialized, skipping
Refreshing native plugins compatible for Editor in 0.35 ms, found 0 plugins.
Preloading 0 native plugins for Editor in 0.00 ms.
Unloading 1118 Unused Serialized files (Serialized files now loaded: 0)
System memory in use before: 158.3 MB.
System memory in use after: 158.4 MB.

Unloading 4 unused Assets to reduce memory usage. Loaded Objects now: 1648.
Total: 20.556000 ms (FindLiveObjects: 0.432900 ms CreateObjectMapping: 0.271500 ms MarkObjects: 19.560300 ms  DeleteObjects: 0.284100 ms)

========================================================================
Received Prepare
Registering precompiled user dll's ...
Registered in 0.003768 seconds.
Begin MonoManager ReloadAssembly
Native extension for WindowsStandalone target not found
Refreshing native plugins compatible for Editor in 0.56 ms, found 0 plugins.
Preloading 0 native plugins for Editor in 0.00 ms.
Invoked RoslynAnalysisRunner static constructor.
RoslynAnalysisRunner will not be running.
RoslynAnalysisRunner has terminated.
Mono: successfully reloaded assembly
- Completed reload, in  2.815 seconds
Platform modules already initialized, skipping
Refreshing native plugins compatible for Editor in 0.34 ms, found 0 plugins.
Preloading 0 native plugins for Editor in 0.00 ms.
Unloading 1118 Unused Serialized files (Serialized files now loaded: 0)
System memory in use before: 158.3 MB.
System memory in use after: 158.4 MB.

Unloading 4 unused Assets to reduce memory usage. Loaded Objects now: 1650.
Total: 3.345600 ms (FindLiveObjects: 0.482800 ms CreateObjectMapping: 0.119600 ms MarkObjects: 2.707700 ms  DeleteObjects: 0.032300 ms)

========================================================================
Received Import Request.
  Time since last request: 1632.000188 seconds.
  path: Assets/Scripts/Rotate.cs
  artifactKey: Guid(ae9ab230627cab84bbbb7ebab5363d03) Importer(815301076,1909f56bfc062723c751e8b465ee728b)
Start importing Assets/Scripts/Rotate.cs using Guid(ae9ab230627cab84bbbb7ebab5363d03) Importer(815301076,1909f56bfc062723c751e8b465ee728b)  -> (artifact id: 'a0336ecb45439debf7bfa11875816d30') in 0.057759 seconds
  Import took 0.065682 seconds .

========================================================================
Received Prepare
Registering precompiled user dll's ...
Registered in 0.003188 seconds.
Begin MonoManager ReloadAssembly
Native extension for WindowsStandalone target not found
Refreshing native plugins compatible for Editor in 0.75 ms, found 0 plugins.
Preloading 0 native plugins for Editor in 0.00 ms.
Invoked RoslynAnalysisRunner static constructor.
RoslynAnalysisRunner will not be running.
RoslynAnalysisRunner has terminated.
Mono: successfully reloaded assembly
- Completed reload, in 10.857 seconds
Platform modules already initialized, skipping
Refreshing native plugins compatible for Editor in 7.92 ms, found 0 plugins.
Preloading 0 native plugins for Editor in 0.00 ms.
Unloading 1119 Unused Serialized files (Serialized files now loaded: 0)
System memory in use before: 158.4 MB.
System memory in use after: 158.5 MB.

Unloading 4 unused Assets to reduce memory usage. Loaded Objects now: 1653.
Total: 36.924000 ms (FindLiveObjects: 7.448500 ms CreateObjectMapping: 0.362400 ms MarkObjects: 27.709100 ms  DeleteObjects: 0.982100 ms)

========================================================================
Received Import Request.
  Time since last request: 83.123389 seconds.
  path: Assets/Scripts/Rotate.cs
  artifactKey: Guid(ae9ab230627cab84bbbb7ebab5363d03) Importer(815301076,1909f56bfc062723c751e8b465ee728b)
Start importing Assets/Scripts/Rotate.cs using Guid(ae9ab230627cab84bbbb7ebab5363d03) Importer(815301076,1909f56bfc062723c751e8b465ee728b)  -> (artifact id: 'c6a7b0ed85d188796232a5d4e8ed3cd0') in 0.079748 seconds
  Import took 0.109176 seconds .

========================================================================
Received Prepare
Registering precompiled user dll's ...
Registered in 0.004199 seconds.
Begin MonoManager ReloadAssembly
Native extension for WindowsStandalone target not found
Refreshing native plugins compatible for Editor in 0.56 ms, found 0 plugins.
Preloading 0 native plugins for Editor in 0.00 ms.
Invoked RoslynAnalysisRunner static constructor.
RoslynAnalysisRunner will not be running.
RoslynAnalysisRunner has terminated.
Mono: successfully reloaded assembly
- Completed reload, in  1.704 seconds
Platform modules already initialized, skipping
Refreshing native plugins compatible for Editor in 0.99 ms, found 0 plugins.
Preloading 0 native plugins for Editor in 0.00 ms.
Unloading 1119 Unused Serialized files (Serialized files now loaded: 0)
System memory in use before: 158.4 MB.
System memory in use after: 158.5 MB.

Unloading 4 unused Assets to reduce memory usage. Loaded Objects now: 1655.
Total: 8.741000 ms (FindLiveObjects: 1.092100 ms CreateObjectMapping: 1.271300 ms MarkObjects: 6.306800 ms  DeleteObjects: 0.064800 ms)

========================================================================
Received Prepare
Registering precompiled user dll's ...
Registered in 0.047753 seconds.
Begin MonoManager ReloadAssembly
Native extension for WindowsStandalone target not found
Refreshing native plugins compatible for Editor in 0.49 ms, found 0 plugins.
Preloading 0 native plugins for Editor in 0.00 ms.
Invoked RoslynAnalysisRunner static constructor.
RoslynAnalysisRunner will not be running.
RoslynAnalysisRunner has terminated.
Mono: successfully reloaded assembly
- Completed reload, in  3.471 seconds
Platform modules already initialized, skipping
Refreshing native plugins compatible for Editor in 0.53 ms, found 0 plugins.
Preloading 0 native plugins for Editor in 0.00 ms.
Unloading 1119 Unused Serialized files (Serialized files now loaded: 0)
System memory in use before: 158.4 MB.
System memory in use after: 158.5 MB.

Unloading 4 unused Assets to reduce memory usage. Loaded Objects now: 1657.
Total: 13.441600 ms (FindLiveObjects: 0.494800 ms CreateObjectMapping: 0.109300 ms MarkObjects: 12.742900 ms  DeleteObjects: 0.088200 ms)

