Using pre-set license
Built from '2020.2/staging' branch; Version is '2020.2.5f1 (e2c53f129de5) revision 14861631'; Using compiler version '192528614'; Build Type 'Release'
OS: 'Windows 10 Pro; OS build 19043.1110; Version 2009; 64bit' Language: 'en' Physical Memory: 3954 MB
BatchMode: 1, IsHumanControllingUs: 0, StartBugReporterOnCrash: 0, Is64bit: 1, IsPro: 0

 COMMAND LINE ARGUMENTS:
D:\Unity\2020.2.5f1\Editor\Unity.exe
-adb2
-batchMode
-noUpm
-name
AssetImportWorker4
-projectPath
C:/Users/user/Documents/GitHub/finalGame/shootingGame
-logFile
Logs/AssetImportWorker4.log
-srvPort
51751
Successfully changed project path to: C:/Users/user/Documents/GitHub/finalGame/shootingGame
C:/Users/user/Documents/GitHub/finalGame/shootingGame
Using Asset Import Pipeline V2.
Refreshing native plugins compatible for Editor in 183.18 ms, found 0 plugins.
Preloading 0 native plugins for Editor in 0.00 ms.
Initialize engine version: 2020.2.5f1 (e2c53f129de5)
[Subsystems] Discovering subsystems at path D:/Unity/2020.2.5f1/Editor/Data/Resources/UnitySubsystems
[Subsystems] Discovering subsystems at path C:/Users/user/Documents/GitHub/finalGame/shootingGame/Assets
GfxDevice: creating device client; threaded=0
Direct3D:
    Version:  Direct3D 11.0 [level 11.1]
    Renderer: Intel(R) HD Graphics 620 (ID=0x5916)
    Vendor:   
    VRAM:     1977 MB
    Driver:   23.20.16.4973
Initialize mono
Mono path[0] = 'D:/Unity/2020.2.5f1/Editor/Data/Managed'
Mono path[1] = 'D:/Unity/2020.2.5f1/Editor/Data/MonoBleedingEdge/lib/mono/unityjit'
Mono config path = 'D:/Unity/2020.2.5f1/Editor/Data/MonoBleedingEdge/etc'
Using monoOptions --debugger-agent=transport=dt_socket,embedding=1,server=y,suspend=n,address=127.0.0.1:56816
Begin MonoManager ReloadAssembly
Registering precompiled unity dll's ...
Register platform support module: D:/Unity/2020.2.5f1/Editor/Data/PlaybackEngines/WindowsStandaloneSupport/UnityEditor.WindowsStandalone.Extensions.dll
Registered in 0.007647 seconds.
Native extension for WindowsStandalone target not found
Refreshing native plugins compatible for Editor in 72.25 ms, found 0 plugins.
Preloading 0 native plugins for Editor in 0.00 ms.
Invoked RoslynAnalysisRunner static constructor.
RoslynAnalysisRunner will not be running.
RoslynAnalysisRunner has terminated.
Mono: successfully reloaded assembly
- Completed reload, in  6.083 seconds
Platform modules already initialized, skipping
Registering precompiled user dll's ...
Registered in 0.002038 seconds.
Begin MonoManager ReloadAssembly
Native extension for WindowsStandalone target not found
Refreshing native plugins compatible for Editor in 0.86 ms, found 0 plugins.
Preloading 0 native plugins for Editor in 0.00 ms.
Invoked RoslynAnalysisRunner static constructor.
RoslynAnalysisRunner will not be running.
RoslynAnalysisRunner has terminated.
Mono: successfully reloaded assembly
- Completed reload, in  1.653 seconds
Platform modules already initialized, skipping
========================================================================
Worker process is ready to serve import requests
Launched and connected shader compiler UnityShaderCompiler.exe after 0.18 seconds
Refreshing native plugins compatible for Editor in 0.46 ms, found 0 plugins.
Preloading 0 native plugins for Editor in 0.00 ms.
Unloading 1118 Unused Serialized files (Serialized files now loaded: 0)
System memory in use before: 93.5 MB.
System memory in use after: 93.6 MB.

Unloading 10 unused Assets to reduce memory usage. Loaded Objects now: 1582.
Total: 16.620500 ms (FindLiveObjects: 3.068600 ms CreateObjectMapping: 0.143100 ms MarkObjects: 11.488000 ms  DeleteObjects: 1.265800 ms)

========================================================================
Received Import Request.
  path: Assets/Scripts/GunShoot.cs
  artifactKey: Guid(b62e920bb0532cb4e8e04866aee783b9) Importer(815301076,1909f56bfc062723c751e8b465ee728b)
Start importing Assets/Scripts/GunShoot.cs using Guid(b62e920bb0532cb4e8e04866aee783b9) Importer(815301076,1909f56bfc062723c751e8b465ee728b)  -> (artifact id: '112fa33813c460acf010a62830887ff4') in 0.312446 seconds
  Import took 0.320425 seconds .

========================================================================
Received Prepare
Registering precompiled user dll's ...
Registered in 0.010155 seconds.
Begin MonoManager ReloadAssembly
Native extension for WindowsStandalone target not found
Refreshing native plugins compatible for Editor in 1.23 ms, found 0 plugins.
Preloading 0 native plugins for Editor in 0.00 ms.
Invoked RoslynAnalysisRunner static constructor.
RoslynAnalysisRunner will not be running.
RoslynAnalysisRunner has terminated.
Mono: successfully reloaded assembly
- Completed reload, in 18.491 seconds
Platform modules already initialized, skipping
Refreshing native plugins compatible for Editor in 0.41 ms, found 0 plugins.
Preloading 0 native plugins for Editor in 0.00 ms.
Unloading 1106 Unused Serialized files (Serialized files now loaded: 0)
System memory in use before: 92.9 MB.
System memory in use after: 93.0 MB.

Unloading 5 unused Assets to reduce memory usage. Loaded Objects now: 1584.
Total: 22.020500 ms (FindLiveObjects: 3.027300 ms CreateObjectMapping: 0.513200 ms MarkObjects: 17.405400 ms  DeleteObjects: 0.753600 ms)

========================================================================
Received Prepare
Registering precompiled user dll's ...
Registered in 0.024445 seconds.
Begin MonoManager ReloadAssembly
Native extension for WindowsStandalone target not found
Refreshing native plugins compatible for Editor in 1.08 ms, found 0 plugins.
Preloading 0 native plugins for Editor in 0.00 ms.
Invoked RoslynAnalysisRunner static constructor.
RoslynAnalysisRunner will not be running.
RoslynAnalysisRunner has terminated.
Mono: successfully reloaded assembly
- Completed reload, in  2.881 seconds
Platform modules already initialized, skipping
Refreshing native plugins compatible for Editor in 0.43 ms, found 0 plugins.
Preloading 0 native plugins for Editor in 0.00 ms.
Unloading 1106 Unused Serialized files (Serialized files now loaded: 0)
System memory in use before: 92.9 MB.
System memory in use after: 93.0 MB.

Unloading 5 unused Assets to reduce memory usage. Loaded Objects now: 1586.
Total: 9.360700 ms (FindLiveObjects: 0.327300 ms CreateObjectMapping: 0.076900 ms MarkObjects: 7.596100 ms  DeleteObjects: 1.351400 ms)

========================================================================
Received Prepare
Registering precompiled user dll's ...
Registered in 0.001288 seconds.
Begin MonoManager ReloadAssembly
Native extension for WindowsStandalone target not found
Refreshing native plugins compatible for Editor in 0.50 ms, found 0 plugins.
Preloading 0 native plugins for Editor in 0.00 ms.
Invoked RoslynAnalysisRunner static constructor.
RoslynAnalysisRunner will not be running.
RoslynAnalysisRunner has terminated.
Mono: successfully reloaded assembly
- Completed reload, in  2.989 seconds
Platform modules already initialized, skipping
Refreshing native plugins compatible for Editor in 0.50 ms, found 0 plugins.
Preloading 0 native plugins for Editor in 0.00 ms.
Unloading 1106 Unused Serialized files (Serialized files now loaded: 0)
System memory in use before: 93.0 MB.
System memory in use after: 93.0 MB.

Unloading 5 unused Assets to reduce memory usage. Loaded Objects now: 1588.
Total: 8.078600 ms (FindLiveObjects: 0.450600 ms CreateObjectMapping: 0.141200 ms MarkObjects: 7.231500 ms  DeleteObjects: 0.245500 ms)

========================================================================
Received Prepare
Registering precompiled user dll's ...
Registered in 0.016830 seconds.
Begin MonoManager ReloadAssembly
Native extension for WindowsStandalone target not found
Refreshing native plugins compatible for Editor in 0.46 ms, found 0 plugins.
Preloading 0 native plugins for Editor in 0.00 ms.
Invoked RoslynAnalysisRunner static constructor.
RoslynAnalysisRunner will not be running.
RoslynAnalysisRunner has terminated.
Mono: successfully reloaded assembly
- Completed reload, in  2.750 seconds
Platform modules already initialized, skipping
Refreshing native plugins compatible for Editor in 0.58 ms, found 0 plugins.
Preloading 0 native plugins for Editor in 0.00 ms.
Unloading 1106 Unused Serialized files (Serialized files now loaded: 0)
System memory in use before: 93.0 MB.
System memory in use after: 93.0 MB.

Unloading 5 unused Assets to reduce memory usage. Loaded Objects now: 1590.
Total: 44.953500 ms (FindLiveObjects: 0.359300 ms CreateObjectMapping: 0.160400 ms MarkObjects: 23.276200 ms  DeleteObjects: 21.145100 ms)

========================================================================
Received Prepare
Registering precompiled user dll's ...
Registered in 0.007326 seconds.
Begin MonoManager ReloadAssembly
Native extension for WindowsStandalone target not found
Refreshing native plugins compatible for Editor in 0.47 ms, found 0 plugins.
Preloading 0 native plugins for Editor in 0.00 ms.
Invoked RoslynAnalysisRunner static constructor.
RoslynAnalysisRunner will not be running.
RoslynAnalysisRunner has terminated.
Mono: successfully reloaded assembly
- Completed reload, in  2.655 seconds
Platform modules already initialized, skipping
Refreshing native plugins compatible for Editor in 1.53 ms, found 0 plugins.
Preloading 0 native plugins for Editor in 0.00 ms.
Unloading 1106 Unused Serialized files (Serialized files now loaded: 0)
System memory in use before: 93.0 MB.
System memory in use after: 93.0 MB.

Unloading 5 unused Assets to reduce memory usage. Loaded Objects now: 1592.
Total: 98.999800 ms (FindLiveObjects: 3.504500 ms CreateObjectMapping: 0.641700 ms MarkObjects: 93.579300 ms  DeleteObjects: 0.844200 ms)

========================================================================
Received Prepare
Registering precompiled user dll's ...
Registered in 0.002799 seconds.
Begin MonoManager ReloadAssembly
Native extension for WindowsStandalone target not found
Refreshing native plugins compatible for Editor in 0.58 ms, found 0 plugins.
Preloading 0 native plugins for Editor in 0.00 ms.
Invoked RoslynAnalysisRunner static constructor.
RoslynAnalysisRunner will not be running.
RoslynAnalysisRunner has terminated.
Mono: successfully reloaded assembly
- Completed reload, in  3.254 seconds
Platform modules already initialized, skipping
Refreshing native plugins compatible for Editor in 0.65 ms, found 0 plugins.
Preloading 0 native plugins for Editor in 0.00 ms.
Unloading 1106 Unused Serialized files (Serialized files now loaded: 0)
System memory in use before: 93.0 MB.
System memory in use after: 93.0 MB.

Unloading 5 unused Assets to reduce memory usage. Loaded Objects now: 1594.
Total: 10.148100 ms (FindLiveObjects: 0.590200 ms CreateObjectMapping: 0.224300 ms MarkObjects: 8.515200 ms  DeleteObjects: 0.810400 ms)

========================================================================
Received Prepare
Registering precompiled user dll's ...
Registered in 0.004637 seconds.
Begin MonoManager ReloadAssembly
Native extension for WindowsStandalone target not found
Refreshing native plugins compatible for Editor in 0.54 ms, found 0 plugins.
Preloading 0 native plugins for Editor in 0.00 ms.
Invoked RoslynAnalysisRunner static constructor.
RoslynAnalysisRunner will not be running.
RoslynAnalysisRunner has terminated.
Mono: successfully reloaded assembly
- Completed reload, in  6.437 seconds
Platform modules already initialized, skipping
Refreshing native plugins compatible for Editor in 1.14 ms, found 0 plugins.
Preloading 0 native plugins for Editor in 0.00 ms.
Unloading 1106 Unused Serialized files (Serialized files now loaded: 0)
System memory in use before: 93.0 MB.
System memory in use after: 93.1 MB.

Unloading 5 unused Assets to reduce memory usage. Loaded Objects now: 1596.
Total: 12.647300 ms (FindLiveObjects: 3.766900 ms CreateObjectMapping: 1.016000 ms MarkObjects: 7.580400 ms  DeleteObjects: 0.274800 ms)

========================================================================
Received Prepare
Registering precompiled user dll's ...
Registered in 0.017284 seconds.
Begin MonoManager ReloadAssembly
Native extension for WindowsStandalone target not found
Refreshing native plugins compatible for Editor in 0.69 ms, found 0 plugins.
Preloading 0 native plugins for Editor in 0.00 ms.
Invoked RoslynAnalysisRunner static constructor.
RoslynAnalysisRunner will not be running.
RoslynAnalysisRunner has terminated.
Mono: successfully reloaded assembly
- Completed reload, in  5.807 seconds
Platform modules already initialized, skipping
Refreshing native plugins compatible for Editor in 1.94 ms, found 0 plugins.
Preloading 0 native plugins for Editor in 0.00 ms.
Unloading 1106 Unused Serialized files (Serialized files now loaded: 0)
System memory in use before: 93.0 MB.
System memory in use after: 93.1 MB.

Unloading 5 unused Assets to reduce memory usage. Loaded Objects now: 1598.
Total: 11.883600 ms (FindLiveObjects: 0.747400 ms CreateObjectMapping: 0.292800 ms MarkObjects: 10.061300 ms  DeleteObjects: 0.767900 ms)

========================================================================
Received Prepare
Registering precompiled user dll's ...
Registered in 0.015617 seconds.
Begin MonoManager ReloadAssembly
Native extension for WindowsStandalone target not found
Refreshing native plugins compatible for Editor in 1.25 ms, found 0 plugins.
Preloading 0 native plugins for Editor in 0.00 ms.
Invoked RoslynAnalysisRunner static constructor.
RoslynAnalysisRunner will not be running.
RoslynAnalysisRunner has terminated.
Mono: successfully reloaded assembly
- Completed reload, in  3.477 seconds
Platform modules already initialized, skipping
Refreshing native plugins compatible for Editor in 1.10 ms, found 0 plugins.
Preloading 0 native plugins for Editor in 0.00 ms.
Unloading 1106 Unused Serialized files (Serialized files now loaded: 0)
System memory in use before: 93.0 MB.
System memory in use after: 93.1 MB.

Unloading 5 unused Assets to reduce memory usage. Loaded Objects now: 1600.
Total: 27.210600 ms (FindLiveObjects: 2.044400 ms CreateObjectMapping: 0.836300 ms MarkObjects: 21.341000 ms  DeleteObjects: 2.978600 ms)

========================================================================
Received Prepare
Registering precompiled user dll's ...
Registered in 0.050250 seconds.
Begin MonoManager ReloadAssembly
Native extension for WindowsStandalone target not found
Refreshing native plugins compatible for Editor in 0.47 ms, found 0 plugins.
Preloading 0 native plugins for Editor in 0.00 ms.
Invoked RoslynAnalysisRunner static constructor.
RoslynAnalysisRunner will not be running.
RoslynAnalysisRunner has terminated.
Mono: successfully reloaded assembly
- Completed reload, in  4.549 seconds
Platform modules already initialized, skipping
Refreshing native plugins compatible for Editor in 0.57 ms, found 0 plugins.
Preloading 0 native plugins for Editor in 0.00 ms.
Unloading 1106 Unused Serialized files (Serialized files now loaded: 0)
System memory in use before: 93.0 MB.
System memory in use after: 93.1 MB.

Unloading 5 unused Assets to reduce memory usage. Loaded Objects now: 1602.
Total: 73.690700 ms (FindLiveObjects: 4.873700 ms CreateObjectMapping: 0.726700 ms MarkObjects: 65.302800 ms  DeleteObjects: 2.154900 ms)

========================================================================
Received Prepare
Registering precompiled user dll's ...
Registered in 0.001481 seconds.
Begin MonoManager ReloadAssembly
Native extension for WindowsStandalone target not found
Refreshing native plugins compatible for Editor in 2.71 ms, found 0 plugins.
Preloading 0 native plugins for Editor in 0.00 ms.
Invoked RoslynAnalysisRunner static constructor.
RoslynAnalysisRunner will not be running.
RoslynAnalysisRunner has terminated.
Mono: successfully reloaded assembly
- Completed reload, in  7.060 seconds
Platform modules already initialized, skipping
Refreshing native plugins compatible for Editor in 1.18 ms, found 0 plugins.
Preloading 0 native plugins for Editor in 0.00 ms.
Unloading 1106 Unused Serialized files (Serialized files now loaded: 0)
System memory in use before: 93.0 MB.
System memory in use after: 93.1 MB.

Unloading 5 unused Assets to reduce memory usage. Loaded Objects now: 1604.
Total: 20.311100 ms (FindLiveObjects: 1.924700 ms CreateObjectMapping: 0.187700 ms MarkObjects: 17.149700 ms  DeleteObjects: 1.033400 ms)

========================================================================
Received Prepare
Registering precompiled user dll's ...
Registered in 0.004475 seconds.
Begin MonoManager ReloadAssembly
Native extension for WindowsStandalone target not found
Refreshing native plugins compatible for Editor in 1.04 ms, found 0 plugins.
Preloading 0 native plugins for Editor in 0.00 ms.
Invoked RoslynAnalysisRunner static constructor.
RoslynAnalysisRunner will not be running.
RoslynAnalysisRunner has terminated.
Mono: successfully reloaded assembly
- Completed reload, in  3.314 seconds
Platform modules already initialized, skipping
Refreshing native plugins compatible for Editor in 1.59 ms, found 0 plugins.
Preloading 0 native plugins for Editor in 0.00 ms.
Unloading 1106 Unused Serialized files (Serialized files now loaded: 0)
System memory in use before: 93.0 MB.
System memory in use after: 93.1 MB.

Unloading 5 unused Assets to reduce memory usage. Loaded Objects now: 1606.
Total: 124.987800 ms (FindLiveObjects: 2.075500 ms CreateObjectMapping: 0.157800 ms MarkObjects: 120.961500 ms  DeleteObjects: 1.367900 ms)

========================================================================
Received Prepare
Registering precompiled user dll's ...
Registered in 0.004529 seconds.
Begin MonoManager ReloadAssembly
Native extension for WindowsStandalone target not found
Refreshing native plugins compatible for Editor in 0.69 ms, found 0 plugins.
Preloading 0 native plugins for Editor in 0.00 ms.
Invoked RoslynAnalysisRunner static constructor.
RoslynAnalysisRunner will not be running.
RoslynAnalysisRunner has terminated.
Mono: successfully reloaded assembly
- Completed reload, in  8.060 seconds
Platform modules already initialized, skipping
Refreshing native plugins compatible for Editor in 0.48 ms, found 0 plugins.
Preloading 0 native plugins for Editor in 0.00 ms.
Unloading 1106 Unused Serialized files (Serialized files now loaded: 0)
System memory in use before: 93.0 MB.
System memory in use after: 93.1 MB.

Unloading 5 unused Assets to reduce memory usage. Loaded Objects now: 1608.
Total: 45.098800 ms (FindLiveObjects: 3.121700 ms CreateObjectMapping: 0.313600 ms MarkObjects: 39.707300 ms  DeleteObjects: 1.401100 ms)

========================================================================
Received Prepare
Registering precompiled user dll's ...
Registered in 0.005079 seconds.
Begin MonoManager ReloadAssembly
Native extension for WindowsStandalone target not found
Refreshing native plugins compatible for Editor in 2.25 ms, found 0 plugins.
Preloading 0 native plugins for Editor in 0.00 ms.
Invoked RoslynAnalysisRunner static constructor.
RoslynAnalysisRunner will not be running.
RoslynAnalysisRunner has terminated.
Mono: successfully reloaded assembly
- Completed reload, in  8.533 seconds
Platform modules already initialized, skipping
Refreshing native plugins compatible for Editor in 0.36 ms, found 0 plugins.
Preloading 0 native plugins for Editor in 0.00 ms.
Unloading 1106 Unused Serialized files (Serialized files now loaded: 0)
System memory in use before: 93.0 MB.
System memory in use after: 93.1 MB.

Unloading 5 unused Assets to reduce memory usage. Loaded Objects now: 1610.
Total: 19.656600 ms (FindLiveObjects: 2.453000 ms CreateObjectMapping: 0.206600 ms MarkObjects: 15.870900 ms  DeleteObjects: 1.116800 ms)

========================================================================
Received Prepare
Registering precompiled user dll's ...
Registered in 0.006601 seconds.
Begin MonoManager ReloadAssembly
Native extension for WindowsStandalone target not found
Refreshing native plugins compatible for Editor in 1.40 ms, found 0 plugins.
Preloading 0 native plugins for Editor in 0.00 ms.
Invoked RoslynAnalysisRunner static constructor.
RoslynAnalysisRunner will not be running.
RoslynAnalysisRunner has terminated.
Mono: successfully reloaded assembly
- Completed reload, in  5.522 seconds
Platform modules already initialized, skipping
Refreshing native plugins compatible for Editor in 0.50 ms, found 0 plugins.
Preloading 0 native plugins for Editor in 0.00 ms.
Unloading 1106 Unused Serialized files (Serialized files now loaded: 0)
System memory in use before: 93.0 MB.
System memory in use after: 93.1 MB.

Unloading 5 unused Assets to reduce memory usage. Loaded Objects now: 1612.
Total: 30.098200 ms (FindLiveObjects: 1.725400 ms CreateObjectMapping: 0.298400 ms MarkObjects: 24.874000 ms  DeleteObjects: 3.187900 ms)

========================================================================
Received Prepare
Registering precompiled user dll's ...
Registered in 0.006085 seconds.
Begin MonoManager ReloadAssembly
Native extension for WindowsStandalone target not found
Refreshing native plugins compatible for Editor in 0.55 ms, found 0 plugins.
Preloading 0 native plugins for Editor in 0.00 ms.
Invoked RoslynAnalysisRunner static constructor.
RoslynAnalysisRunner will not be running.
RoslynAnalysisRunner has terminated.
Mono: successfully reloaded assembly
- Completed reload, in  3.497 seconds
Platform modules already initialized, skipping
Refreshing native plugins compatible for Editor in 0.31 ms, found 0 plugins.
Preloading 0 native plugins for Editor in 0.00 ms.
Unloading 1106 Unused Serialized files (Serialized files now loaded: 0)
System memory in use before: 93.0 MB.
System memory in use after: 93.1 MB.

Unloading 5 unused Assets to reduce memory usage. Loaded Objects now: 1614.
Total: 19.167900 ms (FindLiveObjects: 2.234300 ms CreateObjectMapping: 0.112300 ms MarkObjects: 15.142800 ms  DeleteObjects: 1.411200 ms)

========================================================================
Received Prepare
Registering precompiled user dll's ...
Registered in 0.004575 seconds.
Begin MonoManager ReloadAssembly
Native extension for WindowsStandalone target not found
Refreshing native plugins compatible for Editor in 1.12 ms, found 0 plugins.
Preloading 0 native plugins for Editor in 0.00 ms.
Invoked RoslynAnalysisRunner static constructor.
RoslynAnalysisRunner will not be running.
RoslynAnalysisRunner has terminated.
Mono: successfully reloaded assembly
- Completed reload, in  6.109 seconds
Platform modules already initialized, skipping
Refreshing native plugins compatible for Editor in 1.35 ms, found 0 plugins.
Preloading 0 native plugins for Editor in 0.00 ms.
Unloading 1106 Unused Serialized files (Serialized files now loaded: 0)
System memory in use before: 93.0 MB.
System memory in use after: 93.1 MB.

Unloading 5 unused Assets to reduce memory usage. Loaded Objects now: 1616.
Total: 41.790200 ms (FindLiveObjects: 0.577800 ms CreateObjectMapping: 0.123200 ms MarkObjects: 39.419000 ms  DeleteObjects: 1.651300 ms)

========================================================================
Received Prepare
Registering precompiled user dll's ...
Registered in 0.007243 seconds.
Begin MonoManager ReloadAssembly
Native extension for WindowsStandalone target not found
Refreshing native plugins compatible for Editor in 1.05 ms, found 0 plugins.
Preloading 0 native plugins for Editor in 0.00 ms.
Invoked RoslynAnalysisRunner static constructor.
RoslynAnalysisRunner will not be running.
RoslynAnalysisRunner has terminated.
Mono: successfully reloaded assembly
- Completed reload, in 12.859 seconds
Platform modules already initialized, skipping
Refreshing native plugins compatible for Editor in 0.56 ms, found 0 plugins.
Preloading 0 native plugins for Editor in 0.00 ms.
Unloading 1106 Unused Serialized files (Serialized files now loaded: 0)
System memory in use before: 93.0 MB.
System memory in use after: 93.1 MB.

Unloading 5 unused Assets to reduce memory usage. Loaded Objects now: 1618.
Total: 54.270000 ms (FindLiveObjects: 2.137800 ms CreateObjectMapping: 0.205700 ms MarkObjects: 41.408900 ms  DeleteObjects: 10.129900 ms)

========================================================================
Received Import Request.
  Time since last request: 61334.237714 seconds.
  path: Assets/glock19/Materials/Aim_points.mat
  artifactKey: Guid(3363c8bc538580a49b0cf3caf9dcdfe2) Importer(815301076,1909f56bfc062723c751e8b465ee728b)
Start importing Assets/glock19/Materials/Aim_points.mat using Guid(3363c8bc538580a49b0cf3caf9dcdfe2) Importer(815301076,1909f56bfc062723c751e8b465ee728b)  -> (artifact id: '3cdbc714b3b70ead1467ffb68ec7a6a9') in 3.037310 seconds
  Import took 3.082572 seconds .

========================================================================
Received Import Request.
  Time since last request: 0.006238 seconds.
  path: Assets/glock19/Materials/Metal.mat
  artifactKey: Guid(36d10099e7fc2f94da0ea6827c6fcb57) Importer(815301076,1909f56bfc062723c751e8b465ee728b)
Start importing Assets/glock19/Materials/Metal.mat using Guid(36d10099e7fc2f94da0ea6827c6fcb57) Importer(815301076,1909f56bfc062723c751e8b465ee728b)  -> (artifact id: 'd2223d3c09e4e425aa5b474d49b76c9e') in 1.038203 seconds
  Import took 1.051239 seconds .

========================================================================
Received Import Request.
  Time since last request: 0.001274 seconds.
  path: Assets/glock19/Materials
  artifactKey: Guid(4bee760818fccd7449e388e8444f729e) Importer(815301076,1909f56bfc062723c751e8b465ee728b)
Start importing Assets/glock19/Materials using Guid(4bee760818fccd7449e388e8444f729e) Importer(815301076,1909f56bfc062723c751e8b465ee728b)  -> (artifact id: '7f12c415a09cdbb721744a242c40cead') in 0.025032 seconds
  Import took 0.030698 seconds .

========================================================================
Received Import Request.
  Time since last request: 0.001900 seconds.
  path: Assets/glock19/mesh
  artifactKey: Guid(cb80a184697c1d84bbd7d9ffa10ca61e) Importer(815301076,1909f56bfc062723c751e8b465ee728b)
Start importing Assets/glock19/mesh using Guid(cb80a184697c1d84bbd7d9ffa10ca61e) Importer(815301076,1909f56bfc062723c751e8b465ee728b)  -> (artifact id: 'a58938752c5d1599a983ae82942ed06e') in 0.043339 seconds
  Import took 0.049166 seconds .

========================================================================
Received Import Request.
  Time since last request: 0.001510 seconds.
  path: Assets/glock19/Materials/Plastic.mat
  artifactKey: Guid(a1af20eac1d4c4844b4add2a7f22e1cb) Importer(815301076,1909f56bfc062723c751e8b465ee728b)
Start importing Assets/glock19/Materials/Plastic.mat using Guid(a1af20eac1d4c4844b4add2a7f22e1cb) Importer(815301076,1909f56bfc062723c751e8b465ee728b)  -> (artifact id: 'fb2bcafc8a023303f7af3f596d5bea0a') in 0.286990 seconds
  Import took 0.295256 seconds .

========================================================================
Received Import Request.
  Time since last request: 0.001237 seconds.
  path: Assets/glock19/scene
  artifactKey: Guid(433c3a58dd237f548a1dd23917c31da9) Importer(815301076,1909f56bfc062723c751e8b465ee728b)
Start importing Assets/glock19/scene using Guid(433c3a58dd237f548a1dd23917c31da9) Importer(815301076,1909f56bfc062723c751e8b465ee728b)  -> (artifact id: '1e3c355f4ed1f9a789a8cff592e18dea') in 0.029275 seconds
  Import took 0.045825 seconds .

========================================================================
Received Import Request.
  Time since last request: 0.000909 seconds.
  path: Assets/glock19/mesh/Glock19.fbx
  artifactKey: Guid(61eb53aea43df9d4fb9c2873d2c060f5) Importer(815301076,1909f56bfc062723c751e8b465ee728b)
Start importing Assets/glock19/mesh/Glock19.fbx using Guid(61eb53aea43df9d4fb9c2873d2c060f5) Importer(815301076,1909f56bfc062723c751e8b465ee728b)  -> (artifact id: 'd60e5c9560c6417869fb7201aa8ad500') in 3.483689 seconds
  Import took 3.506151 seconds .

========================================================================
Received Import Request.
  Time since last request: 0.001968 seconds.
  path: Assets/glock19/Textures/Glock19_Normal.png
  artifactKey: Guid(4b3cd203786f763428914059ae11bc45) Importer(815301076,1909f56bfc062723c751e8b465ee728b)
Start importing Assets/glock19/Textures/Glock19_Normal.png using Guid(4b3cd203786f763428914059ae11bc45) Importer(815301076,1909f56bfc062723c751e8b465ee728b)  -> (artifact id: 'fcbf96998d9d76f35b00edfe1d4bbb44') in 0.406139 seconds
  Import took 0.423066 seconds .

========================================================================
Received Import Request.
  Time since last request: 0.001892 seconds.
  path: Assets/glock19/Textures/Glock19_Black_texture.png
  artifactKey: Guid(dfc0111e51b60eb4fbfe0ca62f1db2e0) Importer(815301076,1909f56bfc062723c751e8b465ee728b)
Start importing Assets/glock19/Textures/Glock19_Black_texture.png using Guid(dfc0111e51b60eb4fbfe0ca62f1db2e0) Importer(815301076,1909f56bfc062723c751e8b465ee728b)  -> (artifact id: '1aabe828d208e726e3fcb5874fdb30fb') in 0.118856 seconds
  Import took 0.132523 seconds .

========================================================================
Received Import Request.
  Time since last request: 0.001702 seconds.
  path: Assets/glock19/Textures/Glock19_silver_texture.png
  artifactKey: Guid(766075760df0b5c47b3df13cccb947f5) Importer(815301076,1909f56bfc062723c751e8b465ee728b)
Start importing Assets/glock19/Textures/Glock19_silver_texture.png using Guid(766075760df0b5c47b3df13cccb947f5) Importer(815301076,1909f56bfc062723c751e8b465ee728b)  -> (artifact id: 'f37404055c426e771b885b9e0cc94a0c') in 10.625465 seconds
  Import took 10.693458 seconds .

========================================================================
Received Import Request.
  Time since last request: 0.003274 seconds.
  path: Assets/glock19/Textures
  artifactKey: Guid(ff168323e3f4ee240961880b778f81a2) Importer(815301076,1909f56bfc062723c751e8b465ee728b)
Start importing Assets/glock19/Textures using Guid(ff168323e3f4ee240961880b778f81a2) Importer(815301076,1909f56bfc062723c751e8b465ee728b)  -> (artifact id: '05e0f6220cd6745a2b27ecdf9c645a38') in 0.293230 seconds
  Import took 0.328694 seconds .

========================================================================
Received Import Request.
  Time since last request: 0.003026 seconds.
  path: Assets/glock19/Materials/Bullet_in_magazine.mat
  artifactKey: Guid(240548040ce9f464bbf2d981aecfe349) Importer(815301076,1909f56bfc062723c751e8b465ee728b)
Start importing Assets/glock19/Materials/Bullet_in_magazine.mat using Guid(240548040ce9f464bbf2d981aecfe349) Importer(815301076,1909f56bfc062723c751e8b465ee728b)  -> (artifact id: 'dcfa3ca29469eba07d9df4e4411a2bcc') in 1.711563 seconds
  Import took 1.749425 seconds .

========================================================================
Received Import Request.
  Time since last request: 349.785657 seconds.
  path: Assets/sound
  artifactKey: Guid(5de312f222f0ab84d958bfa3351574ba) Importer(815301076,1909f56bfc062723c751e8b465ee728b)
Start importing Assets/sound using Guid(5de312f222f0ab84d958bfa3351574ba) Importer(815301076,1909f56bfc062723c751e8b465ee728b)  -> (artifact id: 'a852f058ba81755c2fde108ee1fe1b4d') in 0.081091 seconds
  Import took 0.267697 seconds .

========================================================================
Received Import Request.
  Time since last request: 13.979694 seconds.
  path: Assets/sound/12-Gauge-Pump-Action-Shotgun-Close-Gunshot-A-www.fesliyanstudios.com.mp3
  artifactKey: Guid(de073c0cf1fd43b4cb1d5187fc93bcc5) Importer(815301076,1909f56bfc062723c751e8b465ee728b)
Start importing Assets/sound/12-Gauge-Pump-Action-Shotgun-Close-Gunshot-A-www.fesliyanstudios.com.mp3 using Guid(de073c0cf1fd43b4cb1d5187fc93bcc5) Importer(815301076,1909f56bfc062723c751e8b465ee728b)  -> (artifact id: '9aca56047eb42fd70603fb946648bdb5') in 1.433555 seconds
  Import took 1.486436 seconds .

========================================================================
Received Prepare
Registering precompiled user dll's ...
Registered in 0.004736 seconds.
Begin MonoManager ReloadAssembly
Native extension for WindowsStandalone target not found
Refreshing native plugins compatible for Editor in 0.92 ms, found 0 plugins.
Preloading 0 native plugins for Editor in 0.00 ms.
Invoked RoslynAnalysisRunner static constructor.
RoslynAnalysisRunner will not be running.
RoslynAnalysisRunner has terminated.
Mono: successfully reloaded assembly
- Completed reload, in  7.202 seconds
Platform modules already initialized, skipping
Refreshing native plugins compatible for Editor in 0.60 ms, found 0 plugins.
Preloading 0 native plugins for Editor in 0.00 ms.
Unloading 1106 Unused Serialized files (Serialized files now loaded: 0)
System memory in use before: 110.7 MB.
System memory in use after: 110.8 MB.

Unloading 5 unused Assets to reduce memory usage. Loaded Objects now: 1669.
Total: 43.144200 ms (FindLiveObjects: 5.066800 ms CreateObjectMapping: 0.241400 ms MarkObjects: 35.499400 ms  DeleteObjects: 2.316500 ms)

========================================================================
Received Prepare
Registering precompiled user dll's ...
Registered in 0.006571 seconds.
Begin MonoManager ReloadAssembly
Native extension for WindowsStandalone target not found
Refreshing native plugins compatible for Editor in 0.73 ms, found 0 plugins.
Preloading 0 native plugins for Editor in 0.00 ms.
Invoked RoslynAnalysisRunner static constructor.
RoslynAnalysisRunner will not be running.
RoslynAnalysisRunner has terminated.
Mono: successfully reloaded assembly
- Completed reload, in  3.694 seconds
Platform modules already initialized, skipping
Refreshing native plugins compatible for Editor in 1.15 ms, found 0 plugins.
Preloading 0 native plugins for Editor in 0.00 ms.
Unloading 1106 Unused Serialized files (Serialized files now loaded: 0)
System memory in use before: 110.7 MB.
System memory in use after: 110.8 MB.

Unloading 5 unused Assets to reduce memory usage. Loaded Objects now: 1671.
Total: 13.047500 ms (FindLiveObjects: 0.531700 ms CreateObjectMapping: 0.112600 ms MarkObjects: 6.384200 ms  DeleteObjects: 5.995000 ms)

========================================================================
Received Prepare
Registering precompiled user dll's ...
Registered in 0.011651 seconds.
Begin MonoManager ReloadAssembly
Native extension for WindowsStandalone target not found
Refreshing native plugins compatible for Editor in 0.48 ms, found 0 plugins.
Preloading 0 native plugins for Editor in 0.00 ms.
Invoked RoslynAnalysisRunner static constructor.
RoslynAnalysisRunner will not be running.
RoslynAnalysisRunner has terminated.
Mono: successfully reloaded assembly
- Completed reload, in  2.051 seconds
Platform modules already initialized, skipping
Refreshing native plugins compatible for Editor in 0.40 ms, found 0 plugins.
Preloading 0 native plugins for Editor in 0.00 ms.
Unloading 1106 Unused Serialized files (Serialized files now loaded: 0)
System memory in use before: 110.7 MB.
System memory in use after: 110.8 MB.

Unloading 5 unused Assets to reduce memory usage. Loaded Objects now: 1673.
Total: 8.235600 ms (FindLiveObjects: 0.790000 ms CreateObjectMapping: 0.441500 ms MarkObjects: 5.898500 ms  DeleteObjects: 1.101100 ms)

========================================================================
Received Prepare
Registering precompiled user dll's ...
Registered in 0.003837 seconds.
Begin MonoManager ReloadAssembly
Native extension for WindowsStandalone target not found
Refreshing native plugins compatible for Editor in 0.73 ms, found 0 plugins.
Preloading 0 native plugins for Editor in 0.00 ms.
Invoked RoslynAnalysisRunner static constructor.
RoslynAnalysisRunner will not be running.
RoslynAnalysisRunner has terminated.
Mono: successfully reloaded assembly
- Completed reload, in  6.038 seconds
Platform modules already initialized, skipping
Refreshing native plugins compatible for Editor in 0.84 ms, found 0 plugins.
Preloading 0 native plugins for Editor in 0.00 ms.
Unloading 1106 Unused Serialized files (Serialized files now loaded: 0)
System memory in use before: 110.7 MB.
System memory in use after: 110.8 MB.

Unloading 5 unused Assets to reduce memory usage. Loaded Objects now: 1675.
Total: 5.605300 ms (FindLiveObjects: 0.529600 ms CreateObjectMapping: 0.172200 ms MarkObjects: 4.647700 ms  DeleteObjects: 0.245000 ms)

========================================================================
Received Prepare
Registering precompiled user dll's ...
Registered in 0.005049 seconds.
Begin MonoManager ReloadAssembly
Native extension for WindowsStandalone target not found
Refreshing native plugins compatible for Editor in 0.56 ms, found 0 plugins.
Preloading 0 native plugins for Editor in 0.00 ms.
Invoked RoslynAnalysisRunner static constructor.
RoslynAnalysisRunner will not be running.
RoslynAnalysisRunner has terminated.
Mono: successfully reloaded assembly
- Completed reload, in  4.161 seconds
Platform modules already initialized, skipping
Refreshing native plugins compatible for Editor in 1.37 ms, found 0 plugins.
Preloading 0 native plugins for Editor in 0.00 ms.
Unloading 1106 Unused Serialized files (Serialized files now loaded: 0)
System memory in use before: 110.7 MB.
System memory in use after: 110.8 MB.

Unloading 5 unused Assets to reduce memory usage. Loaded Objects now: 1677.
Total: 7.067800 ms (FindLiveObjects: 0.524600 ms CreateObjectMapping: 0.085200 ms MarkObjects: 6.198500 ms  DeleteObjects: 0.253200 ms)

========================================================================
Received Import Request.
  Time since last request: 1161.570128 seconds.
  path: Assets/New Terrain.asset
  artifactKey: Guid(557cd140f87d4574b8ba0da7085b613d) Importer(815301076,1909f56bfc062723c751e8b465ee728b)
Start importing Assets/New Terrain.asset using Guid(557cd140f87d4574b8ba0da7085b613d) Importer(815301076,1909f56bfc062723c751e8b465ee728b)  -> (artifact id: '351067bf86d8ed16d710f19bf0d197e5') in 1.021788 seconds
  Import took 1.099955 seconds .

