Using pre-set license
Built from '2020.2/staging' branch; Version is '2020.2.5f1 (e2c53f129de5) revision 14861631'; Using compiler version '192528614'; Build Type 'Release'
OS: 'Windows 10 Pro; OS build 19043.1165; Version 2009; 64bit' Language: 'en' Physical Memory: 3954 MB
BatchMode: 1, IsHumanControllingUs: 0, StartBugReporterOnCrash: 0, Is64bit: 1, IsPro: 0

 COMMAND LINE ARGUMENTS:
D:\Unity\2020.2.5f1\Editor\Unity.exe
-adb2
-batchMode
-noUpm
-name
AssetImportWorker0
-projectPath
C:/Users/user/Documents/GitHub/finalGame/shootingGame
-logFile
Logs/AssetImportWorker0.log
-srvPort
53947
Successfully changed project path to: C:/Users/user/Documents/GitHub/finalGame/shootingGame
C:/Users/user/Documents/GitHub/finalGame/shootingGame
Using Asset Import Pipeline V2.
Refreshing native plugins compatible for Editor in 88.14 ms, found 0 plugins.
Preloading 0 native plugins for Editor in 0.00 ms.
Initialize engine version: 2020.2.5f1 (e2c53f129de5)
[Subsystems] Discovering subsystems at path D:/Unity/2020.2.5f1/Editor/Data/Resources/UnitySubsystems
[Subsystems] Discovering subsystems at path C:/Users/user/Documents/GitHub/finalGame/shootingGame/Assets
GfxDevice: creating device client; threaded=0
Direct3D:
    Version:  Direct3D 11.0 [level 11.1]
    Renderer: Intel(R) HD Graphics 620 (ID=0x5916)
    Vendor:   
    VRAM:     1977 MB
    Driver:   23.20.16.4973
Initialize mono
Mono path[0] = 'D:/Unity/2020.2.5f1/Editor/Data/Managed'
Mono path[1] = 'D:/Unity/2020.2.5f1/Editor/Data/MonoBleedingEdge/lib/mono/unityjit'
Mono config path = 'D:/Unity/2020.2.5f1/Editor/Data/MonoBleedingEdge/etc'
Using monoOptions --debugger-agent=transport=dt_socket,embedding=1,server=y,suspend=n,address=127.0.0.1:56100
Begin MonoManager ReloadAssembly
Registering precompiled unity dll's ...
Register platform support module: D:/Unity/2020.2.5f1/Editor/Data/PlaybackEngines/WindowsStandaloneSupport/UnityEditor.WindowsStandalone.Extensions.dll
Registered in 0.004471 seconds.
Native extension for WindowsStandalone target not found
Refreshing native plugins compatible for Editor in 52.82 ms, found 0 plugins.
Preloading 0 native plugins for Editor in 0.00 ms.
Invoked RoslynAnalysisRunner static constructor.
RoslynAnalysisRunner will not be running.
RoslynAnalysisRunner has terminated.
Mono: successfully reloaded assembly
- Completed reload, in  3.846 seconds
Platform modules already initialized, skipping
Registering precompiled user dll's ...
Registered in 0.003920 seconds.
Begin MonoManager ReloadAssembly
Native extension for WindowsStandalone target not found
Refreshing native plugins compatible for Editor in 0.42 ms, found 0 plugins.
Preloading 0 native plugins for Editor in 0.00 ms.
Invoked RoslynAnalysisRunner static constructor.
RoslynAnalysisRunner will not be running.
RoslynAnalysisRunner has terminated.
Mono: successfully reloaded assembly
- Completed reload, in  2.095 seconds
Platform modules already initialized, skipping
========================================================================
Worker process is ready to serve import requests
Launched and connected shader compiler UnityShaderCompiler.exe after 0.12 seconds
Refreshing native plugins compatible for Editor in 0.83 ms, found 0 plugins.
Preloading 0 native plugins for Editor in 0.00 ms.
Unloading 1145 Unused Serialized files (Serialized files now loaded: 0)
System memory in use before: 159.9 MB.
System memory in use after: 159.9 MB.

Unloading 9 unused Assets to reduce memory usage. Loaded Objects now: 1609.
Total: 7.597600 ms (FindLiveObjects: 0.541000 ms CreateObjectMapping: 0.203600 ms MarkObjects: 6.566400 ms  DeleteObjects: 0.282800 ms)

========================================================================
Received Import Request.
  path: Assets/Scripts/PlayerMovement.cs
  artifactKey: Guid(ae2556f8a3951b443960a9aa4d6515ba) Importer(815301076,1909f56bfc062723c751e8b465ee728b)
Start importing Assets/Scripts/PlayerMovement.cs using Guid(ae2556f8a3951b443960a9aa4d6515ba) Importer(815301076,1909f56bfc062723c751e8b465ee728b)  -> (artifact id: '2c73f778577f55e8de00a2eea9dce937') in 0.217927 seconds
  Import took 0.224927 seconds .

========================================================================
Received Prepare
Refreshing native plugins compatible for Editor in 18.94 ms, found 0 plugins.
Preloading 0 native plugins for Editor in 0.00 ms.
Unloading 2 Unused Serialized files (Serialized files now loaded: 0)
System memory in use before: 135.9 MB.
System memory in use after: 136.0 MB.

Unloading 2 unused Assets to reduce memory usage. Loaded Objects now: 1609.
Total: 182.572600 ms (FindLiveObjects: 6.573300 ms CreateObjectMapping: 0.152700 ms MarkObjects: 174.999700 ms  DeleteObjects: 0.260000 ms)

========================================================================
Received Import Request.
  Time since last request: 99.798858 seconds.
  path: Assets/Scripts/PlayerMovement.cs
  artifactKey: Guid(ae2556f8a3951b443960a9aa4d6515ba) Importer(815301076,1909f56bfc062723c751e8b465ee728b)
Start importing Assets/Scripts/PlayerMovement.cs using Guid(ae2556f8a3951b443960a9aa4d6515ba) Importer(815301076,1909f56bfc062723c751e8b465ee728b)  -> (artifact id: '5ae954a7be09829d10f7120edf4058bc') in 0.015518 seconds
  Import took 0.023956 seconds .

========================================================================
Received Prepare
Registering precompiled user dll's ...
Registered in 0.004391 seconds.
Begin MonoManager ReloadAssembly
Native extension for WindowsStandalone target not found
Refreshing native plugins compatible for Editor in 0.82 ms, found 0 plugins.
Preloading 0 native plugins for Editor in 0.00 ms.
Invoked RoslynAnalysisRunner static constructor.
RoslynAnalysisRunner will not be running.
RoslynAnalysisRunner has terminated.
Mono: successfully reloaded assembly
- Completed reload, in  4.035 seconds
Platform modules already initialized, skipping
Refreshing native plugins compatible for Editor in 0.93 ms, found 0 plugins.
Preloading 0 native plugins for Editor in 0.00 ms.
Unloading 1119 Unused Serialized files (Serialized files now loaded: 0)
System memory in use before: 158.2 MB.
System memory in use after: 158.3 MB.

Unloading 4 unused Assets to reduce memory usage. Loaded Objects now: 1611.
Total: 3.590100 ms (FindLiveObjects: 0.517100 ms CreateObjectMapping: 0.106200 ms MarkObjects: 2.917100 ms  DeleteObjects: 0.045400 ms)

========================================================================
Received Prepare
Registering precompiled user dll's ...
Registered in 0.001830 seconds.
Begin MonoManager ReloadAssembly
Native extension for WindowsStandalone target not found
Refreshing native plugins compatible for Editor in 0.54 ms, found 0 plugins.
Preloading 0 native plugins for Editor in 0.00 ms.
Invoked RoslynAnalysisRunner static constructor.
RoslynAnalysisRunner will not be running.
RoslynAnalysisRunner has terminated.
Mono: successfully reloaded assembly
- Completed reload, in  2.171 seconds
Platform modules already initialized, skipping
Refreshing native plugins compatible for Editor in 0.49 ms, found 0 plugins.
Preloading 0 native plugins for Editor in 0.00 ms.
Unloading 1119 Unused Serialized files (Serialized files now loaded: 0)
System memory in use before: 158.2 MB.
System memory in use after: 158.3 MB.

Unloading 4 unused Assets to reduce memory usage. Loaded Objects now: 1613.
Total: 4.037500 ms (FindLiveObjects: 0.417800 ms CreateObjectMapping: 0.120400 ms MarkObjects: 3.415100 ms  DeleteObjects: 0.079100 ms)

========================================================================
Received Import Request.
  Time since last request: 125.121348 seconds.
  path: Assets/Scripts/PlayerMovement.cs
  artifactKey: Guid(ae2556f8a3951b443960a9aa4d6515ba) Importer(815301076,1909f56bfc062723c751e8b465ee728b)
Start importing Assets/Scripts/PlayerMovement.cs using Guid(ae2556f8a3951b443960a9aa4d6515ba) Importer(815301076,1909f56bfc062723c751e8b465ee728b)  -> (artifact id: '2d582d97b6d085fae1ee11378411ed4c') in 0.059812 seconds
  Import took 0.111835 seconds .

========================================================================
Received Prepare
Registering precompiled user dll's ...
Registered in 0.003440 seconds.
Begin MonoManager ReloadAssembly
Native extension for WindowsStandalone target not found
Refreshing native plugins compatible for Editor in 0.53 ms, found 0 plugins.
Preloading 0 native plugins for Editor in 0.00 ms.
Invoked RoslynAnalysisRunner static constructor.
RoslynAnalysisRunner will not be running.
RoslynAnalysisRunner has terminated.
Mono: successfully reloaded assembly
- Completed reload, in  2.382 seconds
Platform modules already initialized, skipping
Refreshing native plugins compatible for Editor in 0.44 ms, found 0 plugins.
Preloading 0 native plugins for Editor in 0.00 ms.
Unloading 1119 Unused Serialized files (Serialized files now loaded: 0)
System memory in use before: 158.2 MB.
System memory in use after: 158.3 MB.

Unloading 4 unused Assets to reduce memory usage. Loaded Objects now: 1615.
Total: 4.100600 ms (FindLiveObjects: 0.721000 ms CreateObjectMapping: 0.226400 ms MarkObjects: 3.104800 ms  DeleteObjects: 0.042400 ms)

========================================================================
Received Import Request.
  Time since last request: 90.413703 seconds.
  path: Assets/sound/mixkit-ow-exclamation-of-pain-2204.wav
  artifactKey: Guid(33f4095628ee90145ab91dc13a50ddb7) Importer(815301076,1909f56bfc062723c751e8b465ee728b)
Start importing Assets/sound/mixkit-ow-exclamation-of-pain-2204.wav using Guid(33f4095628ee90145ab91dc13a50ddb7) Importer(815301076,1909f56bfc062723c751e8b465ee728b)  -> (artifact id: '9713a8cfd48936395eea7954064ac9fe') in 0.302527 seconds
  Import took 0.310066 seconds .

