Using pre-set license
Built from '2020.2/staging' branch; Version is '2020.2.5f1 (e2c53f129de5) revision 14861631'; Using compiler version '192528614'; Build Type 'Release'
OS: 'Windows 10 Pro; OS build 19043.1110; Version 2009; 64bit' Language: 'en' Physical Memory: 3954 MB
BatchMode: 1, IsHumanControllingUs: 0, StartBugReporterOnCrash: 0, Is64bit: 1, IsPro: 0

 COMMAND LINE ARGUMENTS:
D:\Unity\2020.2.5f1\Editor\Unity.exe
-adb2
-batchMode
-noUpm
-name
AssetImportWorker3
-projectPath
C:/Users/user/Documents/GitHub/finalGame/shootingGame
-logFile
Logs/AssetImportWorker3.log
-srvPort
51751
Successfully changed project path to: C:/Users/user/Documents/GitHub/finalGame/shootingGame
C:/Users/user/Documents/GitHub/finalGame/shootingGame
Using Asset Import Pipeline V2.
Refreshing native plugins compatible for Editor in 136.29 ms, found 0 plugins.
Preloading 0 native plugins for Editor in 0.00 ms.
Initialize engine version: 2020.2.5f1 (e2c53f129de5)
[Subsystems] Discovering subsystems at path D:/Unity/2020.2.5f1/Editor/Data/Resources/UnitySubsystems
[Subsystems] Discovering subsystems at path C:/Users/user/Documents/GitHub/finalGame/shootingGame/Assets
GfxDevice: creating device client; threaded=0
Direct3D:
    Version:  Direct3D 11.0 [level 11.1]
    Renderer: Intel(R) HD Graphics 620 (ID=0x5916)
    Vendor:   
    VRAM:     1977 MB
    Driver:   23.20.16.4973
Initialize mono
Mono path[0] = 'D:/Unity/2020.2.5f1/Editor/Data/Managed'
Mono path[1] = 'D:/Unity/2020.2.5f1/Editor/Data/MonoBleedingEdge/lib/mono/unityjit'
Mono config path = 'D:/Unity/2020.2.5f1/Editor/Data/MonoBleedingEdge/etc'
Using monoOptions --debugger-agent=transport=dt_socket,embedding=1,server=y,suspend=n,address=127.0.0.1:56620
Begin MonoManager ReloadAssembly
Registering precompiled unity dll's ...
Register platform support module: D:/Unity/2020.2.5f1/Editor/Data/PlaybackEngines/WindowsStandaloneSupport/UnityEditor.WindowsStandalone.Extensions.dll
Registered in 0.005757 seconds.
Native extension for WindowsStandalone target not found
Refreshing native plugins compatible for Editor in 127.15 ms, found 0 plugins.
Preloading 0 native plugins for Editor in 0.00 ms.
Invoked RoslynAnalysisRunner static constructor.
RoslynAnalysisRunner will not be running.
RoslynAnalysisRunner has terminated.
Mono: successfully reloaded assembly
- Completed reload, in  7.757 seconds
Platform modules already initialized, skipping
Registering precompiled user dll's ...
Registered in 0.005341 seconds.
Begin MonoManager ReloadAssembly
Native extension for WindowsStandalone target not found
Refreshing native plugins compatible for Editor in 1.90 ms, found 0 plugins.
Preloading 0 native plugins for Editor in 0.00 ms.
Invoked RoslynAnalysisRunner static constructor.
RoslynAnalysisRunner will not be running.
RoslynAnalysisRunner has terminated.
Mono: successfully reloaded assembly
- Completed reload, in  4.565 seconds
Platform modules already initialized, skipping
========================================================================
Worker process is ready to serve import requests
Launched and connected shader compiler UnityShaderCompiler.exe after 0.24 seconds
Refreshing native plugins compatible for Editor in 0.59 ms, found 0 plugins.
Preloading 0 native plugins for Editor in 0.00 ms.
Unloading 1117 Unused Serialized files (Serialized files now loaded: 0)
System memory in use before: 93.4 MB.
System memory in use after: 93.5 MB.

Unloading 10 unused Assets to reduce memory usage. Loaded Objects now: 1581.
Total: 20.902800 ms (FindLiveObjects: 2.956300 ms CreateObjectMapping: 0.289100 ms MarkObjects: 15.985100 ms  DeleteObjects: 1.666200 ms)

========================================================================
Received Import Request.
  path: Assets/Scripts/PlayerMovement.cs
  artifactKey: Guid(ae2556f8a3951b443960a9aa4d6515ba) Importer(815301076,1909f56bfc062723c751e8b465ee728b)
Start importing Assets/Scripts/PlayerMovement.cs using Guid(ae2556f8a3951b443960a9aa4d6515ba) Importer(815301076,1909f56bfc062723c751e8b465ee728b)  -> (artifact id: 'e75a8e7bdc9b05989c1b4003e1a62134') in 0.291467 seconds
  Import took 0.303431 seconds .

========================================================================
Received Prepare
Refreshing native plugins compatible for Editor in 11.25 ms, found 0 plugins.
Preloading 0 native plugins for Editor in 0.00 ms.
Unloading 3 Unused Serialized files (Serialized files now loaded: 0)
System memory in use before: 70.8 MB.
System memory in use after: 70.9 MB.

Unloading 3 unused Assets to reduce memory usage. Loaded Objects now: 1581.
Total: 112.779000 ms (FindLiveObjects: 7.516800 ms CreateObjectMapping: 0.564500 ms MarkObjects: 103.564800 ms  DeleteObjects: 1.125900 ms)

========================================================================
Received Prepare
Registering precompiled user dll's ...
Registered in 0.001489 seconds.
Begin MonoManager ReloadAssembly
Native extension for WindowsStandalone target not found
Refreshing native plugins compatible for Editor in 0.73 ms, found 0 plugins.
Preloading 0 native plugins for Editor in 0.00 ms.
Invoked RoslynAnalysisRunner static constructor.
RoslynAnalysisRunner will not be running.
RoslynAnalysisRunner has terminated.
Mono: successfully reloaded assembly
- Completed reload, in  3.806 seconds
Platform modules already initialized, skipping
Refreshing native plugins compatible for Editor in 0.47 ms, found 0 plugins.
Preloading 0 native plugins for Editor in 0.00 ms.
Unloading 1105 Unused Serialized files (Serialized files now loaded: 0)
System memory in use before: 92.8 MB.
System memory in use after: 92.9 MB.

Unloading 5 unused Assets to reduce memory usage. Loaded Objects now: 1583.
Total: 2.847100 ms (FindLiveObjects: 0.258000 ms CreateObjectMapping: 0.069800 ms MarkObjects: 2.317400 ms  DeleteObjects: 0.199200 ms)

========================================================================
Received Prepare
Registering precompiled user dll's ...
Registered in 0.001948 seconds.
Begin MonoManager ReloadAssembly
Native extension for WindowsStandalone target not found
Refreshing native plugins compatible for Editor in 0.56 ms, found 0 plugins.
Preloading 0 native plugins for Editor in 0.00 ms.
Invoked RoslynAnalysisRunner static constructor.
RoslynAnalysisRunner will not be running.
RoslynAnalysisRunner has terminated.
Mono: successfully reloaded assembly
- Completed reload, in  3.435 seconds
Platform modules already initialized, skipping
Refreshing native plugins compatible for Editor in 0.29 ms, found 0 plugins.
Preloading 0 native plugins for Editor in 0.00 ms.
Unloading 1105 Unused Serialized files (Serialized files now loaded: 0)
System memory in use before: 92.9 MB.
System memory in use after: 93.0 MB.

Unloading 5 unused Assets to reduce memory usage. Loaded Objects now: 1585.
Total: 11.196800 ms (FindLiveObjects: 0.378700 ms CreateObjectMapping: 0.154600 ms MarkObjects: 9.930900 ms  DeleteObjects: 0.725200 ms)

========================================================================
Received Prepare
Registering precompiled user dll's ...
Registered in 0.001550 seconds.
Begin MonoManager ReloadAssembly
Native extension for WindowsStandalone target not found
Refreshing native plugins compatible for Editor in 0.59 ms, found 0 plugins.
Preloading 0 native plugins for Editor in 0.00 ms.
Invoked RoslynAnalysisRunner static constructor.
RoslynAnalysisRunner will not be running.
RoslynAnalysisRunner has terminated.
Mono: successfully reloaded assembly
- Completed reload, in  2.629 seconds
Platform modules already initialized, skipping
Refreshing native plugins compatible for Editor in 0.92 ms, found 0 plugins.
Preloading 0 native plugins for Editor in 0.00 ms.
Unloading 1105 Unused Serialized files (Serialized files now loaded: 0)
System memory in use before: 92.9 MB.
System memory in use after: 93.0 MB.

Unloading 5 unused Assets to reduce memory usage. Loaded Objects now: 1587.
Total: 5.140000 ms (FindLiveObjects: 0.463400 ms CreateObjectMapping: 0.098400 ms MarkObjects: 4.319700 ms  DeleteObjects: 0.253700 ms)

========================================================================
Received Prepare
Registering precompiled user dll's ...
Registered in 0.001177 seconds.
Begin MonoManager ReloadAssembly
Native extension for WindowsStandalone target not found
Refreshing native plugins compatible for Editor in 0.65 ms, found 0 plugins.
Preloading 0 native plugins for Editor in 0.00 ms.
Invoked RoslynAnalysisRunner static constructor.
RoslynAnalysisRunner will not be running.
RoslynAnalysisRunner has terminated.
Mono: successfully reloaded assembly
- Completed reload, in  2.544 seconds
Platform modules already initialized, skipping
Refreshing native plugins compatible for Editor in 0.44 ms, found 0 plugins.
Preloading 0 native plugins for Editor in 0.00 ms.
Unloading 1105 Unused Serialized files (Serialized files now loaded: 0)
System memory in use before: 92.9 MB.
System memory in use after: 93.0 MB.

Unloading 5 unused Assets to reduce memory usage. Loaded Objects now: 1589.
Total: 2.628300 ms (FindLiveObjects: 0.403600 ms CreateObjectMapping: 0.071500 ms MarkObjects: 2.028500 ms  DeleteObjects: 0.121400 ms)

========================================================================
Received Prepare
Registering precompiled user dll's ...
Registered in 0.001430 seconds.
Begin MonoManager ReloadAssembly
Native extension for WindowsStandalone target not found
Refreshing native plugins compatible for Editor in 1.37 ms, found 0 plugins.
Preloading 0 native plugins for Editor in 0.00 ms.
Invoked RoslynAnalysisRunner static constructor.
RoslynAnalysisRunner will not be running.
RoslynAnalysisRunner has terminated.
Mono: successfully reloaded assembly
- Completed reload, in  2.411 seconds
Platform modules already initialized, skipping
Refreshing native plugins compatible for Editor in 0.50 ms, found 0 plugins.
Preloading 0 native plugins for Editor in 0.00 ms.
Unloading 1105 Unused Serialized files (Serialized files now loaded: 0)
System memory in use before: 92.9 MB.
System memory in use after: 93.0 MB.

Unloading 5 unused Assets to reduce memory usage. Loaded Objects now: 1591.
Total: 3.209600 ms (FindLiveObjects: 0.298200 ms CreateObjectMapping: 0.069100 ms MarkObjects: 2.710700 ms  DeleteObjects: 0.128200 ms)

========================================================================
Received Prepare
Registering precompiled user dll's ...
Registered in 0.004345 seconds.
Begin MonoManager ReloadAssembly
Native extension for WindowsStandalone target not found
Refreshing native plugins compatible for Editor in 2.04 ms, found 0 plugins.
Preloading 0 native plugins for Editor in 0.00 ms.
Invoked RoslynAnalysisRunner static constructor.
RoslynAnalysisRunner will not be running.
RoslynAnalysisRunner has terminated.
Mono: successfully reloaded assembly
- Completed reload, in 15.888 seconds
Platform modules already initialized, skipping
Refreshing native plugins compatible for Editor in 36.75 ms, found 0 plugins.
Preloading 0 native plugins for Editor in 0.00 ms.
Unloading 1105 Unused Serialized files (Serialized files now loaded: 0)
System memory in use before: 92.9 MB.
System memory in use after: 93.0 MB.

Unloading 5 unused Assets to reduce memory usage. Loaded Objects now: 1593.
Total: 156.181700 ms (FindLiveObjects: 60.343900 ms CreateObjectMapping: 49.849900 ms MarkObjects: 43.124700 ms  DeleteObjects: 2.092600 ms)

========================================================================
Received Prepare
Registering precompiled user dll's ...
Registered in 0.003984 seconds.
Begin MonoManager ReloadAssembly
Native extension for WindowsStandalone target not found
Refreshing native plugins compatible for Editor in 0.45 ms, found 0 plugins.
Preloading 0 native plugins for Editor in 0.00 ms.
Invoked RoslynAnalysisRunner static constructor.
RoslynAnalysisRunner will not be running.
RoslynAnalysisRunner has terminated.
Mono: successfully reloaded assembly
- Completed reload, in  2.750 seconds
Platform modules already initialized, skipping
Refreshing native plugins compatible for Editor in 0.34 ms, found 0 plugins.
Preloading 0 native plugins for Editor in 0.00 ms.
Unloading 1105 Unused Serialized files (Serialized files now loaded: 0)
System memory in use before: 92.9 MB.
System memory in use after: 93.0 MB.

Unloading 5 unused Assets to reduce memory usage. Loaded Objects now: 1595.
Total: 6.978700 ms (FindLiveObjects: 0.655200 ms CreateObjectMapping: 0.159900 ms MarkObjects: 5.229900 ms  DeleteObjects: 0.916100 ms)

========================================================================
Received Prepare
Registering precompiled user dll's ...
Registered in 0.007499 seconds.
Begin MonoManager ReloadAssembly
Native extension for WindowsStandalone target not found
Refreshing native plugins compatible for Editor in 0.36 ms, found 0 plugins.
Preloading 0 native plugins for Editor in 0.00 ms.
Invoked RoslynAnalysisRunner static constructor.
RoslynAnalysisRunner will not be running.
RoslynAnalysisRunner has terminated.
Mono: successfully reloaded assembly
- Completed reload, in  2.804 seconds
Platform modules already initialized, skipping
Refreshing native plugins compatible for Editor in 0.51 ms, found 0 plugins.
Preloading 0 native plugins for Editor in 0.00 ms.
Unloading 1105 Unused Serialized files (Serialized files now loaded: 0)
System memory in use before: 92.9 MB.
System memory in use after: 93.0 MB.

Unloading 5 unused Assets to reduce memory usage. Loaded Objects now: 1597.
Total: 21.772800 ms (FindLiveObjects: 1.084800 ms CreateObjectMapping: 0.095100 ms MarkObjects: 18.280400 ms  DeleteObjects: 1.942300 ms)

========================================================================
Received Import Request.
  Time since last request: 252572.696695 seconds.
  path: Assets/New Terrain.asset
  artifactKey: Guid(557cd140f87d4574b8ba0da7085b613d) Importer(815301076,1909f56bfc062723c751e8b465ee728b)
Start importing Assets/New Terrain.asset using Guid(557cd140f87d4574b8ba0da7085b613d) Importer(815301076,1909f56bfc062723c751e8b465ee728b)  -> (artifact id: '9cdc9a4d73b0cd3d9ff48d97d18b38e6') in 3.107769 seconds
  Import took 3.738640 seconds .

========================================================================
Received Import Request.
  Time since last request: 0.003278 seconds.
  path: Assets/1nfern0
  artifactKey: Guid(f61796765679dc246adb2a23ff472094) Importer(815301076,1909f56bfc062723c751e8b465ee728b)
Start importing Assets/1nfern0 using Guid(f61796765679dc246adb2a23ff472094) Importer(815301076,1909f56bfc062723c751e8b465ee728b)  -> (artifact id: 'f47abb41bbdf27a3d472a5ff706bde96') in 0.017085 seconds
  Import took 0.029238 seconds .

========================================================================
Received Import Request.
  Time since last request: 1.397188 seconds.
  path: Assets/1nfern0/SubmachineGun
  artifactKey: Guid(9d39482ae1297da4383e12a23c7c9afe) Importer(815301076,1909f56bfc062723c751e8b465ee728b)
Start importing Assets/1nfern0/SubmachineGun using Guid(9d39482ae1297da4383e12a23c7c9afe) Importer(815301076,1909f56bfc062723c751e8b465ee728b)  -> (artifact id: 'c45e08e835628814f2f2c0cb416d887e') in 0.022218 seconds
  Import took 0.032681 seconds .

========================================================================
Received Import Request.
  Time since last request: 0.031287 seconds.
  path: Assets/1nfern0/SubmachineGun/SubmachineGun.fbx
  artifactKey: Guid(11604b6592771e049af136d2cae807b4) Importer(815301076,1909f56bfc062723c751e8b465ee728b)
Start importing Assets/1nfern0/SubmachineGun/SubmachineGun.fbx using Guid(11604b6592771e049af136d2cae807b4) Importer(815301076,1909f56bfc062723c751e8b465ee728b) Shader error in 'ShaderFusion/submachinegunshader': 'vert': output parameter 'o' not completely initialized at line 113 (on d3d11)

Compiling Vertex program with DIRECTIONAL LIGHTPROBE_SH
Platform defines: UNITY_ENABLE_REFLECTION_BUFFERS UNITY_USE_DITHER_MASK_FOR_ALPHABLENDED_SHADOWS UNITY_PBS_USE_BRDF1 UNITY_SPECCUBE_BOX_PROJECTION UNITY_SPECCUBE_BLENDING UNITY_ENABLE_DETAIL_NORMALMAP SHADER_API_DESKTOP UNITY_COLORSPACE_GAMMA UNITY_LIGHT_PROBE_PROXY_VOLUME UNITY_LIGHTMAP_FULL_HDR UNITY_PASS_FORWARDBASE
Disabled keywords: INSTANCING_ON FOG_LINEAR FOG_EXP FOG_EXP2 SHADOWS_SHADOWMASK DYNAMICLIGHTMAP_ON LIGHTMAP_ON LIGHTMAP_SHADOW_MIXING DIRLIGHTMAP_COMBINED SHADOWS_SCREEN VERTEXLIGHT_ON UNITY_NO_DXT5nm UNITY_ENABLE_NATIVE_SHADOW_LOOKUPS UNITY_METAL_SHADOWS_USE_POINT_FILTERING UNITY_NO_SCREENSPACE_SHADOWS UNITY_PBS_USE_BRDF2 UNITY_PBS_USE_BRDF3 UNITY_NO_FULL_STANDARD_SHADER UNITY_HARDWARE_TIER1 UNITY_HARDWARE_TIER2 UNITY_HARDWARE_TIER3 UNITY_HALF_PRECISION_FRAGMENT_SHADER_REGISTERS UNITY_LIGHTMAP_DLDR_ENCODING UNITY_LIGHTMAP_RGBM_ENCODING UNITY_VIRTUAL_TEXTURING UNITY_PRETRANSFORM_TO_DISPLAY_ORIENTATION UNITY_ASTC_NORMALMAP_ENCODING SHADER_API_GLES30

Shader error in 'ShaderFusion/submachinegunshader': 'vert': output parameter 'o' not completely initialized at line 113 (on d3d11)

Compiling Vertex program with DIRECTIONAL LIGHTPROBE_SH
Platform defines: UNITY_ENABLE_REFLECTION_BUFFERS UNITY_USE_DITHER_MASK_FOR_ALPHABLENDED_SHADOWS UNITY_PBS_USE_BRDF1 UNITY_SPECCUBE_BOX_PROJECTION UNITY_SPECCUBE_BLENDING UNITY_ENABLE_DETAIL_NORMALMAP SHADER_API_DESKTOP UNITY_COLORSPACE_GAMMA UNITY_LIGHT_PROBE_PROXY_VOLUME UNITY_LIGHTMAP_FULL_HDR UNITY_PASS_FORWARDBASE
Disabled keywords: INSTANCING_ON FOG_LINEAR FOG_EXP FOG_EXP2 SHADOWS_SHADOWMASK DYNAMICLIGHTMAP_ON LIGHTMAP_ON LIGHTMAP_SHADOW_MIXING DIRLIGHTMAP_COMBINED SHADOWS_SCREEN VERTEXLIGHT_ON UNITY_NO_DXT5nm UNITY_ENABLE_NATIVE_SHADOW_LOOKUPS UNITY_METAL_SHADOWS_USE_POINT_FILTERING UNITY_NO_SCREENSPACE_SHADOWS UNITY_PBS_USE_BRDF2 UNITY_PBS_USE_BRDF3 UNITY_NO_FULL_STANDARD_SHADER UNITY_HARDWARE_TIER1 UNITY_HARDWARE_TIER2 UNITY_HARDWARE_TIER3 UNITY_HALF_PRECISION_FRAGMENT_SHADER_REGISTERS UNITY_LIGHTMAP_DLDR_ENCODING UNITY_LIGHTMAP_RGBM_ENCODING UNITY_VIRTUAL_TEXTURING UNITY_PRETRANSFORM_TO_DISPLAY_ORIENTATION UNITY_ASTC_NORMALMAP_ENCODING SHADER_API_GLES30

 -> (artifact id: '39a8fb6985c624c7c5faf8ea0c216bbf') in 3.200641 seconds
  Import took 3.212019 seconds .

========================================================================
Received Import Request.
  Time since last request: 0.000973 seconds.
  path: Assets/1nfern0/SubmachineGun/SubmachineGun_spec.tga
  artifactKey: Guid(787b0cd265a29c148a1d9d88bc33f48b) Importer(815301076,1909f56bfc062723c751e8b465ee728b)
Start importing Assets/1nfern0/SubmachineGun/SubmachineGun_spec.tga using Guid(787b0cd265a29c148a1d9d88bc33f48b) Importer(815301076,1909f56bfc062723c751e8b465ee728b)  -> (artifact id: '7e32ff4cb1fcad84bff738e7abefd112') in 0.151892 seconds
  Import took 0.162810 seconds .

========================================================================
Received Import Request.
  Time since last request: 0.016386 seconds.
  path: Assets/1nfern0/SubmachineGun/SubmachineGun_diff.tga
  artifactKey: Guid(2917f4ac07d96d34d98315bf081f9942) Importer(815301076,1909f56bfc062723c751e8b465ee728b)
Start importing Assets/1nfern0/SubmachineGun/SubmachineGun_diff.tga using Guid(2917f4ac07d96d34d98315bf081f9942) Importer(815301076,1909f56bfc062723c751e8b465ee728b)  -> (artifact id: 'e07901485899eba2e6c03685cd9667ab') in 0.108884 seconds
  Import took 0.145635 seconds .

========================================================================
Received Import Request.
  Time since last request: 0.000596 seconds.
  path: Assets/1nfern0/SubmachineGun/SubmachnineGun_norm.tga
  artifactKey: Guid(ad58e4891fbcf494a8fbada6d9b58e40) Importer(815301076,1909f56bfc062723c751e8b465ee728b)
Start importing Assets/1nfern0/SubmachineGun/SubmachnineGun_norm.tga using Guid(ad58e4891fbcf494a8fbada6d9b58e40) Importer(815301076,1909f56bfc062723c751e8b465ee728b)  -> (artifact id: '712cc3b54ab499c5836800ca6c072bc9') in 0.077535 seconds
  Import took 0.096608 seconds .

========================================================================
Received Prepare
Registering precompiled user dll's ...
Registered in 0.012846 seconds.
Begin MonoManager ReloadAssembly
Native extension for WindowsStandalone target not found
Refreshing native plugins compatible for Editor in 0.51 ms, found 0 plugins.
Preloading 0 native plugins for Editor in 0.00 ms.
Invoked RoslynAnalysisRunner static constructor.
RoslynAnalysisRunner will not be running.
RoslynAnalysisRunner has terminated.
Mono: successfully reloaded assembly
- Completed reload, in  6.146 seconds
Platform modules already initialized, skipping
Refreshing native plugins compatible for Editor in 0.53 ms, found 0 plugins.
Preloading 0 native plugins for Editor in 0.00 ms.
Unloading 1106 Unused Serialized files (Serialized files now loaded: 0)
System memory in use before: 96.9 MB.
System memory in use after: 97.0 MB.

Unloading 5 unused Assets to reduce memory usage. Loaded Objects now: 1614.
Total: 109.249900 ms (FindLiveObjects: 3.307000 ms CreateObjectMapping: 0.439700 ms MarkObjects: 100.711500 ms  DeleteObjects: 4.775700 ms)

========================================================================
Received Import Request.
  Time since last request: 711.216822 seconds.
  path: Assets/glock19
  artifactKey: Guid(1d1de54c19c4f374b9d1dbdfc7759bd6) Importer(815301076,1909f56bfc062723c751e8b465ee728b)
Start importing Assets/glock19 using Guid(1d1de54c19c4f374b9d1dbdfc7759bd6) Importer(815301076,1909f56bfc062723c751e8b465ee728b)  -> (artifact id: '81df375df3947e87e234b1bd00bc4a4f') in 0.115891 seconds
  Import took 0.203008 seconds .

========================================================================
Received Import Request.
  Time since last request: 0.001420 seconds.
  path: Assets/glock19/Glock19_prefab.prefab
  artifactKey: Guid(c8064b4a4a0f8f54091cb16f14961ed6) Importer(815301076,1909f56bfc062723c751e8b465ee728b)
Start importing Assets/glock19/Glock19_prefab.prefab using Guid(c8064b4a4a0f8f54091cb16f14961ed6) Importer(815301076,1909f56bfc062723c751e8b465ee728b)  -> (artifact id: 'fac91db83f4381dd659b9de089552d7c') in 2.118752 seconds
  Import took 2.127107 seconds .

========================================================================
Received Prepare
Registering precompiled user dll's ...
Registered in 0.005097 seconds.
Begin MonoManager ReloadAssembly
Native extension for WindowsStandalone target not found
Refreshing native plugins compatible for Editor in 0.97 ms, found 0 plugins.
Preloading 0 native plugins for Editor in 0.00 ms.
Invoked RoslynAnalysisRunner static constructor.
RoslynAnalysisRunner will not be running.
RoslynAnalysisRunner has terminated.
Mono: successfully reloaded assembly
- Completed reload, in  6.361 seconds
Platform modules already initialized, skipping
Refreshing native plugins compatible for Editor in 0.47 ms, found 0 plugins.
Preloading 0 native plugins for Editor in 0.00 ms.
Unloading 1105 Unused Serialized files (Serialized files now loaded: 0)
System memory in use before: 110.8 MB.
System memory in use after: 110.9 MB.

Unloading 5 unused Assets to reduce memory usage. Loaded Objects now: 1618.
Total: 27.971900 ms (FindLiveObjects: 4.777200 ms CreateObjectMapping: 0.467800 ms MarkObjects: 21.362700 ms  DeleteObjects: 0.911700 ms)

========================================================================
Received Import Request.
  Time since last request: 541.731176 seconds.
  path: Assets/Conifers [BOTD]
  artifactKey: Guid(59d25d8401f1e874493d63e1112dd95f) Importer(815301076,1909f56bfc062723c751e8b465ee728b)
Start importing Assets/Conifers [BOTD] using Guid(59d25d8401f1e874493d63e1112dd95f) Importer(815301076,1909f56bfc062723c751e8b465ee728b)  -> (artifact id: '53b7435ec41f739c337cc2e8edb11e83') in 0.084817 seconds
  Import took 0.096894 seconds .

========================================================================
Received Import Request.
  Time since last request: 0.021328 seconds.
  path: Assets/Conifers [BOTD]
  artifactKey: Guid(59d25d8401f1e874493d63e1112dd95f) Importer(815301076,1909f56bfc062723c751e8b465ee728b)
Start importing Assets/Conifers [BOTD] using Guid(59d25d8401f1e874493d63e1112dd95f) Importer(815301076,1909f56bfc062723c751e8b465ee728b)  -> (artifact id: '53b7435ec41f739c337cc2e8edb11e83') in 0.036545 seconds
  Import took 0.058144 seconds .

========================================================================
Received Import Request.
  Time since last request: 14.916523 seconds.
  path: Assets/frag_grenade_dm51a1
  artifactKey: Guid(fa4a7451ab17daf4da6ff0baed7de0e1) Importer(815301076,1909f56bfc062723c751e8b465ee728b)
Start importing Assets/frag_grenade_dm51a1 using Guid(fa4a7451ab17daf4da6ff0baed7de0e1) Importer(815301076,1909f56bfc062723c751e8b465ee728b)  -> (artifact id: 'bdbfda6fc78502aae0d31c5a0270bd96') in 0.032576 seconds
  Import took 0.040564 seconds .

========================================================================
Received Import Request.
  Time since last request: 5.342267 seconds.
  path: Assets/frag_grenade_dm51a1/prefab
  artifactKey: Guid(a0d8e0eb4df55de449460e31c7571539) Importer(815301076,1909f56bfc062723c751e8b465ee728b)
Start importing Assets/frag_grenade_dm51a1/prefab using Guid(a0d8e0eb4df55de449460e31c7571539) Importer(815301076,1909f56bfc062723c751e8b465ee728b)  -> (artifact id: '4f9598e4903fe7359d50916d9aac73f3') in 0.015635 seconds
  Import took 0.023732 seconds .

========================================================================
Received Import Request.
  Time since last request: 0.190262 seconds.
  path: Assets/frag_grenade_dm51a1/prefab/DM51A1.prefab
  artifactKey: Guid(e889f3b0fa9bf2e4b87b0bd49cd501f8) Importer(815301076,1909f56bfc062723c751e8b465ee728b)
Start importing Assets/frag_grenade_dm51a1/prefab/DM51A1.prefab using Guid(e889f3b0fa9bf2e4b87b0bd49cd501f8) Importer(815301076,1909f56bfc062723c751e8b465ee728b)  -> (artifact id: 'e510b3909062facbdaa79a9f4dfe1d00') in 1.634644 seconds
  Import took 1.642139 seconds .

========================================================================
Received Import Request.
  Time since last request: 0.226114 seconds.
  path: Assets/frag_grenade_dm51a1/prefab/models
  artifactKey: Guid(0033e1df93937e64bab4940ca8b309e2) Importer(815301076,1909f56bfc062723c751e8b465ee728b)
Start importing Assets/frag_grenade_dm51a1/prefab/models using Guid(0033e1df93937e64bab4940ca8b309e2) Importer(815301076,1909f56bfc062723c751e8b465ee728b)  -> (artifact id: 'b9a3efccad6ce26c3eb74d83648ce030') in 0.018334 seconds
  Import took 0.030790 seconds .

========================================================================
Received Import Request.
  Time since last request: 0.279431 seconds.
  path: Assets/frag_grenade_dm51a1/prefab/models/dm51_a1.FBX
  artifactKey: Guid(65e4cf44f639d1a408f9a9ce2a310a20) Importer(815301076,1909f56bfc062723c751e8b465ee728b)
Start importing Assets/frag_grenade_dm51a1/prefab/models/dm51_a1.FBX using Guid(65e4cf44f639d1a408f9a9ce2a310a20) Importer(815301076,1909f56bfc062723c751e8b465ee728b)  -> (artifact id: 'e819f72faca4363b15e1eb9e9f16fbf4') in 0.794066 seconds
  Import took 0.806944 seconds .

========================================================================
Received Import Request.
  Time since last request: 41.502156 seconds.
  path: Assets/frag_grenade_dm51a1/prefab/models/Materials
  artifactKey: Guid(ce4dc062cc1210d4598ef826d8cd4c37) Importer(815301076,1909f56bfc062723c751e8b465ee728b)
Start importing Assets/frag_grenade_dm51a1/prefab/models/Materials using Guid(ce4dc062cc1210d4598ef826d8cd4c37) Importer(815301076,1909f56bfc062723c751e8b465ee728b)  -> (artifact id: '97fe6deef5011c7391275291d197a105') in 0.045470 seconds
  Import took 0.051825 seconds .

========================================================================
Received Import Request.
  Time since last request: 0.645218 seconds.
  path: Assets/frag_grenade_dm51a1/prefab/models/Materials/textur.mat
  artifactKey: Guid(37ef780383ec4bb48bcf6489c6353df5) Importer(815301076,1909f56bfc062723c751e8b465ee728b)
Start importing Assets/frag_grenade_dm51a1/prefab/models/Materials/textur.mat using Guid(37ef780383ec4bb48bcf6489c6353df5) Importer(815301076,1909f56bfc062723c751e8b465ee728b)  -> (artifact id: '023018d65926591dfd65327c7167c984') in 4.991082 seconds
  Import took 4.997929 seconds .

========================================================================
Received Import Request.
  Time since last request: 0.076265 seconds.
  path: Assets/frag_grenade_dm51a1/prefab/models/Materials/textur.mat
  artifactKey: Guid(37ef780383ec4bb48bcf6489c6353df5) Importer(815301076,1909f56bfc062723c751e8b465ee728b)
Start importing Assets/frag_grenade_dm51a1/prefab/models/Materials/textur.mat using Guid(37ef780383ec4bb48bcf6489c6353df5) Importer(815301076,1909f56bfc062723c751e8b465ee728b)  -> (artifact id: '023018d65926591dfd65327c7167c984') in 0.091888 seconds
  Import took 0.098028 seconds .

========================================================================
Received Import Request.
  Time since last request: 236.057790 seconds.
  path: Assets/Grenade pack free
  artifactKey: Guid(cea178d5ed7ad7a4994458bf91264096) Importer(815301076,1909f56bfc062723c751e8b465ee728b)
Start importing Assets/Grenade pack free using Guid(cea178d5ed7ad7a4994458bf91264096) Importer(815301076,1909f56bfc062723c751e8b465ee728b)  -> (artifact id: '5cb5ec5b9a2886f123f6770fbf40e4ae') in 0.062801 seconds
  Import took 0.308831 seconds .

========================================================================
Received Import Request.
  Time since last request: 0.002783 seconds.
  path: Assets/Grenade pack free/gas.prefab
  artifactKey: Guid(2814676b5158ab342a8ac96a56b12a75) Importer(815301076,1909f56bfc062723c751e8b465ee728b)
Start importing Assets/Grenade pack free/gas.prefab using Guid(2814676b5158ab342a8ac96a56b12a75) Importer(815301076,1909f56bfc062723c751e8b465ee728b)  -> (artifact id: 'd92db3b08b9644322eceafa8bda87498') in 1.609499 seconds
  Import took 1.622224 seconds .

========================================================================
Received Import Request.
  Time since last request: 0.000539 seconds.
  path: Assets/Grenade pack free/m26.prefab
  artifactKey: Guid(d6c1b1c4c00b08c4d84c7adc9668a6fb) Importer(815301076,1909f56bfc062723c751e8b465ee728b)
Start importing Assets/Grenade pack free/m26.prefab using Guid(d6c1b1c4c00b08c4d84c7adc9668a6fb) Importer(815301076,1909f56bfc062723c751e8b465ee728b)  -> (artifact id: 'f2de95f8881e9a5af78a4393e6b7fcaf') in 0.407518 seconds
  Import took 0.414440 seconds .

========================================================================
Received Prepare
Registering precompiled user dll's ...
Registered in 0.003580 seconds.
Begin MonoManager ReloadAssembly
Native extension for WindowsStandalone target not found
Refreshing native plugins compatible for Editor in 1.28 ms, found 0 plugins.
Preloading 0 native plugins for Editor in 0.00 ms.
Invoked RoslynAnalysisRunner static constructor.
RoslynAnalysisRunner will not be running.
RoslynAnalysisRunner has terminated.
Mono: successfully reloaded assembly
- Completed reload, in  8.081 seconds
Platform modules already initialized, skipping
Refreshing native plugins compatible for Editor in 0.90 ms, found 0 plugins.
Preloading 0 native plugins for Editor in 0.00 ms.
Unloading 1105 Unused Serialized files (Serialized files now loaded: 0)
System memory in use before: 111.7 MB.
System memory in use after: 111.8 MB.

Unloading 5 unused Assets to reduce memory usage. Loaded Objects now: 1655.
Total: 10.053900 ms (FindLiveObjects: 0.642800 ms CreateObjectMapping: 0.161900 ms MarkObjects: 8.664600 ms  DeleteObjects: 0.567200 ms)

========================================================================
Received Prepare
Registering precompiled user dll's ...
Registered in 0.008197 seconds.
Begin MonoManager ReloadAssembly
Native extension for WindowsStandalone target not found
Refreshing native plugins compatible for Editor in 0.53 ms, found 0 plugins.
Preloading 0 native plugins for Editor in 0.00 ms.
Invoked RoslynAnalysisRunner static constructor.
RoslynAnalysisRunner will not be running.
RoslynAnalysisRunner has terminated.
Mono: successfully reloaded assembly
- Completed reload, in  3.188 seconds
Platform modules already initialized, skipping
Refreshing native plugins compatible for Editor in 0.40 ms, found 0 plugins.
Preloading 0 native plugins for Editor in 0.00 ms.
Unloading 1105 Unused Serialized files (Serialized files now loaded: 0)
System memory in use before: 111.7 MB.
System memory in use after: 111.8 MB.

Unloading 5 unused Assets to reduce memory usage. Loaded Objects now: 1657.
Total: 26.150900 ms (FindLiveObjects: 6.509700 ms CreateObjectMapping: 0.177700 ms MarkObjects: 18.132800 ms  DeleteObjects: 0.977700 ms)

========================================================================
Received Import Request.
  Time since last request: 2697.340175 seconds.
  path: Assets/material
  artifactKey: Guid(5839575d50d16a5468433637ef428363) Importer(815301076,1909f56bfc062723c751e8b465ee728b)
Start importing Assets/material using Guid(5839575d50d16a5468433637ef428363) Importer(815301076,1909f56bfc062723c751e8b465ee728b)  -> (artifact id: 'c07e508a9fa9d961c24703f5c1d3f4a8') in 0.267941 seconds
  Import took 0.415123 seconds .

========================================================================
Received Import Request.
  Time since last request: 36.474956 seconds.
  path: Assets/material/New Material.mat
  artifactKey: Guid(dd6cf6022fe420e468138eb5dfcef143) Importer(815301076,1909f56bfc062723c751e8b465ee728b)
Start importing Assets/material/New Material.mat using Guid(dd6cf6022fe420e468138eb5dfcef143) Importer(815301076,1909f56bfc062723c751e8b465ee728b)  -> (artifact id: 'bfe84766ab839361e12ad6c9d48b0828') in 1.054918 seconds
  Import took 1.173304 seconds .

========================================================================
Received Import Request.
  Time since last request: 96.305734 seconds.
  path: Assets/Scripts/GunShoot.cs
  artifactKey: Guid(b62e920bb0532cb4e8e04866aee783b9) Importer(815301076,1909f56bfc062723c751e8b465ee728b)
Start importing Assets/Scripts/GunShoot.cs using Guid(b62e920bb0532cb4e8e04866aee783b9) Importer(815301076,1909f56bfc062723c751e8b465ee728b)  -> (artifact id: '7847a6002b7182dea57bad2050114794') in 0.361329 seconds
  Import took 0.527031 seconds .

========================================================================
Received Prepare
Registering precompiled user dll's ...
Registered in 0.004607 seconds.
Begin MonoManager ReloadAssembly
Native extension for WindowsStandalone target not found
Refreshing native plugins compatible for Editor in 0.78 ms, found 0 plugins.
Preloading 0 native plugins for Editor in 0.00 ms.
Invoked RoslynAnalysisRunner static constructor.
RoslynAnalysisRunner will not be running.
RoslynAnalysisRunner has terminated.
Mono: successfully reloaded assembly
- Completed reload, in 17.040 seconds
Platform modules already initialized, skipping
Refreshing native plugins compatible for Editor in 0.60 ms, found 0 plugins.
Preloading 0 native plugins for Editor in 0.00 ms.
Assertion failed on expression: 'NULL != m_Thread'

